285210 05 Apr 2013 15:25:06 [pool-1-thread-1] DEBUG org.tdg.twit.db.DataStats  - Creating DB connection
285221 05 Apr 2013 15:25:06 [pool-1-thread-1] DEBUG org.tdg.twit.db.DataStats  - Get number of rows in db
285221 05 Apr 2013 15:25:06 [pool-1-thread-1] DEBUG org.tdg.twit.db.DataStats  - Creating DB connection
285342 05 Apr 2013 15:25:06 [pool-1-thread-1] DEBUG org.tdg.twit.db.DataStats  - Get number of rows in db
285342 05 Apr 2013 15:25:06 [pool-1-thread-1] DEBUG org.tdg.twit.db.DataStats  - Creating DB connection
285348 05 Apr 2013 15:25:06 [pool-1-thread-1] DEBUG org.tdg.twit.db.DataStats  - Get number of rows in db
285348 05 Apr 2013 15:25:06 [pool-1-thread-1] DEBUG org.tdg.twit.db.DataStats  - Creating DB connection
285572 05 Apr 2013 15:25:06 [pool-1-thread-1] DEBUG org.tdg.twit.db.DataStats  - Get number of rows in db
285572 05 Apr 2013 15:25:06 [pool-1-thread-1] DEBUG org.tdg.twit.db.DataStats  - Creating DB connection
285584 05 Apr 2013 15:25:06 [pool-1-thread-1] DEBUG org.tdg.twit.db.DataStats  - Get number of rows in db
285584 05 Apr 2013 15:25:06 [pool-1-thread-1] DEBUG org.tdg.twit.db.DataStats  - Creating DB connection
285876 05 Apr 2013 15:25:06 [pool-1-thread-1] DEBUG org.tdg.twit.db.DataStats  - Get number of rows in db
285876 05 Apr 2013 15:25:06 [pool-1-thread-1] DEBUG org.tdg.twit.db.DataStats  - Creating DB connection
285886 05 Apr 2013 15:25:06 [pool-1-thread-1] DEBUG org.tdg.twit.db.DataStats  - Get number of rows in db
285886 05 Apr 2013 15:25:06 [pool-1-thread-1] DEBUG org.tdg.twit.db.DataStats  - Creating DB connection
286285 05 Apr 2013 15:25:07 [pool-1-thread-1] DEBUG org.tdg.twit.db.DataStats  - Get number of rows in db
286285 05 Apr 2013 15:25:07 [pool-1-thread-1] DEBUG org.tdg.twit.db.DataStats  - Creating DB connection
286296 05 Apr 2013 15:25:07 [pool-1-thread-1] DEBUG org.tdg.twit.db.DataStats  - Get number of rows in db
286296 05 Apr 2013 15:25:07 [pool-1-thread-1] DEBUG org.tdg.twit.db.DataStats  - Creating DB connection
286410 05 Apr 2013 15:25:07 [pool-1-thread-1] DEBUG org.tdg.twit.db.DataStats  - Get number of rows in db
286410 05 Apr 2013 15:25:07 [pool-1-thread-1] DEBUG org.tdg.twit.db.DataStats  - Creating DB connection
286422 05 Apr 2013 15:25:07 [pool-1-thread-1] DEBUG org.tdg.twit.db.DataStats  - Get number of rows in db
286422 05 Apr 2013 15:25:07 [pool-1-thread-1] DEBUG org.tdg.twit.db.DataStats  - Creating DB connection
287111 05 Apr 2013 15:25:08 [pool-1-thread-1] DEBUG org.tdg.twit.db.DataStats  - Get number of rows in db
287111 05 Apr 2013 15:25:08 [pool-1-thread-1] DEBUG org.tdg.twit.db.DataStats  - Creating DB connection
287118 05 Apr 2013 15:25:08 [pool-1-thread-1] DEBUG org.tdg.twit.db.DataStats  - Get number of rows in db
287118 05 Apr 2013 15:25:08 [pool-1-thread-1] DEBUG org.tdg.twit.db.DataStats  - Creating DB connection
287252 05 Apr 2013 15:25:08 [pool-1-thread-1] DEBUG org.tdg.twit.db.DataStats  - Get number of rows in db
287253 05 Apr 2013 15:25:08 [pool-1-thread-1] DEBUG org.tdg.twit.db.DataStats  - Creating DB connection
287264 05 Apr 2013 15:25:08 [pool-1-thread-1] DEBUG org.tdg.twit.db.DataStats  - Get number of rows in db
287265 05 Apr 2013 15:25:08 [pool-1-thread-1] DEBUG org.tdg.twit.db.DataStats  - Creating DB connection
287385 05 Apr 2013 15:25:08 [pool-1-thread-1] DEBUG org.tdg.twit.db.DataStats  - Get number of rows in db
287385 05 Apr 2013 15:25:08 [pool-1-thread-1] DEBUG org.tdg.twit.db.DataStats  - Creating DB connection
287388 05 Apr 2013 15:25:08 [pool-1-thread-1] DEBUG org.tdg.twit.db.DataStats  - Get number of rows in db
287388 05 Apr 2013 15:25:08 [pool-1-thread-1] DEBUG org.tdg.twit.db.DataStats  - Creating DB connection
287391 05 Apr 2013 15:25:08 [pool-1-thread-1] DEBUG org.tdg.twit.db.DataStats  - Get number of rows in db
287391 05 Apr 2013 15:25:08 [pool-1-thread-1] DEBUG org.tdg.twit.db.DataStats  - Creating DB connection
287836 05 Apr 2013 15:25:08 [pool-1-thread-1] DEBUG org.tdg.twit.db.DataStats  - Get number of rows in db
287836 05 Apr 2013 15:25:08 [pool-1-thread-1] DEBUG org.tdg.twit.db.DataStats  - Creating DB connection
287844 05 Apr 2013 15:25:08 [pool-1-thread-1] DEBUG org.tdg.twit.db.DataStats  - Get number of rows in db
287844 05 Apr 2013 15:25:08 [pool-1-thread-1] DEBUG org.tdg.twit.db.DataStats  - Creating DB connection
287971 05 Apr 2013 15:25:08 [pool-1-thread-1] DEBUG org.tdg.twit.db.DataStats  - Get number of rows in db
287971 05 Apr 2013 15:25:08 [pool-1-thread-1] DEBUG org.tdg.twit.db.DataStats  - Creating DB connection
287984 05 Apr 2013 15:25:08 [pool-1-thread-1] DEBUG org.tdg.twit.db.DataStats  - Get number of rows in db
287984 05 Apr 2013 15:25:08 [pool-1-thread-1] DEBUG org.tdg.twit.db.DataStats  - Creating DB connection
288105 05 Apr 2013 15:25:08 [pool-1-thread-1] DEBUG org.tdg.twit.db.DataStats  - Get number of rows in db
288105 05 Apr 2013 15:25:08 [pool-1-thread-1] DEBUG org.tdg.twit.db.DataStats  - Creating DB connection
288116 05 Apr 2013 15:25:09 [pool-1-thread-1] DEBUG org.tdg.twit.db.DataStats  - Get number of rows in db
288116 05 Apr 2013 15:25:09 [pool-1-thread-1] DEBUG org.tdg.twit.db.DataStats  - Creating DB connection
288222 05 Apr 2013 15:25:09 [pool-1-thread-1] DEBUG org.tdg.twit.db.DataStats  - Get number of rows in db
288222 05 Apr 2013 15:25:09 [pool-1-thread-1] DEBUG org.tdg.twit.db.DataStats  - Creating DB connection
288234 05 Apr 2013 15:25:09 [pool-1-thread-1] DEBUG org.tdg.twit.db.DataStats  - Get number of rows in db
288234 05 Apr 2013 15:25:09 [pool-1-thread-1] DEBUG org.tdg.twit.db.DataStats  - Creating DB connection
288346 05 Apr 2013 15:25:09 [pool-1-thread-1] DEBUG org.tdg.twit.db.DataStats  - Get number of rows in db
288346 05 Apr 2013 15:25:09 [pool-1-thread-1] DEBUG org.tdg.twit.db.DataStats  - Creating DB connection
288356 05 Apr 2013 15:25:09 [pool-1-thread-1] DEBUG org.tdg.twit.db.DataStats  - Get number of rows in db
288356 05 Apr 2013 15:25:09 [pool-1-thread-1] DEBUG org.tdg.twit.db.DataStats  - Creating DB connection
288481 05 Apr 2013 15:25:09 [pool-1-thread-1] DEBUG org.tdg.twit.db.DataStats  - Get number of rows in db
288481 05 Apr 2013 15:25:09 [pool-1-thread-1] DEBUG org.tdg.twit.db.DataStats  - Creating DB connection
288487 05 Apr 2013 15:25:09 [pool-1-thread-1] DEBUG org.tdg.twit.db.DataStats  - Get number of rows in db
288488 05 Apr 2013 15:25:09 [pool-1-thread-1] DEBUG org.tdg.twit.db.DataStats  - Creating DB connection
288606 05 Apr 2013 15:25:09 [pool-1-thread-1] DEBUG org.tdg.twit.db.DataStats  - Get number of rows in db
288606 05 Apr 2013 15:25:09 [pool-1-thread-1] DEBUG org.tdg.twit.db.DataStats  - Creating DB connection
288616 05 Apr 2013 15:25:09 [pool-1-thread-1] DEBUG org.tdg.twit.db.DataStats  - Get number of rows in db
288616 05 Apr 2013 15:25:09 [pool-1-thread-1] DEBUG org.tdg.twit.db.DataStats  - Creating DB connection
288731 05 Apr 2013 15:25:09 [pool-1-thread-1] DEBUG org.tdg.twit.db.DataStats  - Get number of rows in db
288731 05 Apr 2013 15:25:09 [pool-1-thread-1] DEBUG org.tdg.twit.db.DataStats  - Creating DB connection
288735 05 Apr 2013 15:25:09 [pool-1-thread-1] DEBUG org.tdg.twit.db.DataStats  - Get number of rows in db
288735 05 Apr 2013 15:25:09 [pool-1-thread-1] DEBUG org.tdg.twit.db.DataStats  - Creating DB connection
288739 05 Apr 2013 15:25:09 [pool-1-thread-1] DEBUG org.tdg.twit.db.DataStats  - Get number of rows in db
288739 05 Apr 2013 15:25:09 [pool-1-thread-1] DEBUG org.tdg.twit.db.DataStats  - Creating DB connection
288886 05 Apr 2013 15:25:09 [pool-1-thread-1] DEBUG org.tdg.twit.db.DataStats  - Get number of rows in db
288886 05 Apr 2013 15:25:09 [pool-1-thread-1] DEBUG org.tdg.twit.db.DataStats  - Creating DB connection
288892 05 Apr 2013 15:25:09 [pool-1-thread-1] DEBUG org.tdg.twit.db.DataStats  - Get number of rows in db
288892 05 Apr 2013 15:25:09 [pool-1-thread-1] DEBUG org.tdg.twit.db.DataStats  - Creating DB connection
288900 05 Apr 2013 15:25:09 [pool-1-thread-1] DEBUG org.tdg.twit.db.DataStats  - Get number of rows in db
288900 05 Apr 2013 15:25:09 [pool-1-thread-1] DEBUG org.tdg.twit.db.DataStats  - Creating DB connection
289065 05 Apr 2013 15:25:09 [pool-1-thread-1] DEBUG org.tdg.twit.db.DataStats  - Get number of rows in db
289065 05 Apr 2013 15:25:09 [pool-1-thread-1] DEBUG org.tdg.twit.db.DataStats  - Creating DB connection
289077 05 Apr 2013 15:25:09 [pool-1-thread-1] DEBUG org.tdg.twit.db.DataStats  - Get number of rows in db
289077 05 Apr 2013 15:25:09 [pool-1-thread-1] DEBUG org.tdg.twit.db.DataStats  - Creating DB connection
289199 05 Apr 2013 15:25:10 [pool-1-thread-1] DEBUG org.tdg.twit.db.DataStats  - Get number of rows in db
289199 05 Apr 2013 15:25:10 [pool-1-thread-1] DEBUG org.tdg.twit.db.DataStats  - Creating DB connection
289209 05 Apr 2013 15:25:10 [pool-1-thread-1] DEBUG org.tdg.twit.db.DataStats  - Get number of rows in db
289209 05 Apr 2013 15:25:10 [pool-1-thread-1] DEBUG org.tdg.twit.db.DataStats  - Creating DB connection
289324 05 Apr 2013 15:25:10 [pool-1-thread-1] DEBUG org.tdg.twit.db.DataStats  - Get number of rows in db
289324 05 Apr 2013 15:25:10 [pool-1-thread-1] DEBUG org.tdg.twit.db.DataStats  - Creating DB connection
289336 05 Apr 2013 15:25:10 [pool-1-thread-1] DEBUG org.tdg.twit.db.DataStats  - Get number of rows in db
289336 05 Apr 2013 15:25:10 [pool-1-thread-1] DEBUG org.tdg.twit.db.DataStats  - Creating DB connection
289491 05 Apr 2013 15:25:10 [pool-1-thread-1] DEBUG org.tdg.twit.db.DataStats  - Get number of rows in db
289491 05 Apr 2013 15:25:10 [pool-1-thread-1] DEBUG org.tdg.twit.db.DataStats  - Creating DB connection
289498 05 Apr 2013 15:25:10 [pool-1-thread-1] DEBUG org.tdg.twit.db.DataStats  - Get number of rows in db
289498 05 Apr 2013 15:25:10 [pool-1-thread-1] DEBUG org.tdg.twit.db.DataStats  - Creating DB connection
289599 05 Apr 2013 15:25:10 [pool-1-thread-1] DEBUG org.tdg.twit.db.DataStats  - Get number of rows in db
289599 05 Apr 2013 15:25:10 [pool-1-thread-1] DEBUG org.tdg.twit.db.DataStats  - Creating DB connection
289607 05 Apr 2013 15:25:10 [pool-1-thread-1] DEBUG org.tdg.twit.db.DataStats  - Get number of rows in db
289607 05 Apr 2013 15:25:10 [pool-1-thread-1] DEBUG org.tdg.twit.db.DataStats  - Creating DB connection
289725 05 Apr 2013 15:25:10 [pool-1-thread-1] DEBUG org.tdg.twit.db.DataStats  - Get number of rows in db
289725 05 Apr 2013 15:25:10 [pool-1-thread-1] DEBUG org.tdg.twit.db.DataStats  - Creating DB connection
289736 05 Apr 2013 15:25:10 [pool-1-thread-1] DEBUG org.tdg.twit.db.DataStats  - Get number of rows in db
289736 05 Apr 2013 15:25:10 [pool-1-thread-1] DEBUG org.tdg.twit.db.DataStats  - Creating DB connection
289877 05 Apr 2013 15:25:10 [pool-1-thread-1] DEBUG org.tdg.twit.db.DataStats  - Get number of rows in db
289877 05 Apr 2013 15:25:10 [pool-1-thread-1] DEBUG org.tdg.twit.db.DataStats  - Creating DB connection
289886 05 Apr 2013 15:25:10 [pool-1-thread-1] DEBUG org.tdg.twit.db.DataStats  - Get number of rows in db
289886 05 Apr 2013 15:25:10 [pool-1-thread-1] DEBUG org.tdg.twit.db.DataStats  - Creating DB connection
290050 05 Apr 2013 15:25:10 [pool-1-thread-1] DEBUG org.tdg.twit.db.DataStats  - Get number of rows in db
290050 05 Apr 2013 15:25:10 [pool-1-thread-1] DEBUG org.tdg.twit.db.DataStats  - Creating DB connection
290058 05 Apr 2013 15:25:10 [pool-1-thread-1] DEBUG org.tdg.twit.db.DataStats  - Get number of rows in db
290058 05 Apr 2013 15:25:10 [pool-1-thread-1] DEBUG org.tdg.twit.db.DataStats  - Creating DB connection
290500 05 Apr 2013 15:25:11 [pool-1-thread-1] DEBUG org.tdg.twit.db.DataStats  - Get number of rows in db
290500 05 Apr 2013 15:25:11 [pool-1-thread-1] DEBUG org.tdg.twit.db.DataStats  - Creating DB connection
290507 05 Apr 2013 15:25:11 [pool-1-thread-1] DEBUG org.tdg.twit.db.DataStats  - Get number of rows in db
290508 05 Apr 2013 15:25:11 [pool-1-thread-1] DEBUG org.tdg.twit.db.DataStats  - Creating DB connection
290616 05 Apr 2013 15:25:11 [pool-1-thread-1] DEBUG org.tdg.twit.db.DataStats  - Get number of rows in db
290616 05 Apr 2013 15:25:11 [pool-1-thread-1] DEBUG org.tdg.twit.db.DataStats  - Creating DB connection
290626 05 Apr 2013 15:25:11 [pool-1-thread-1] DEBUG org.tdg.twit.db.DataStats  - Get number of rows in db
290626 05 Apr 2013 15:25:11 [pool-1-thread-1] DEBUG org.tdg.twit.db.DataStats  - Creating DB connection
290734 05 Apr 2013 15:25:11 [pool-1-thread-1] DEBUG org.tdg.twit.db.DataStats  - Get number of rows in db
290735 05 Apr 2013 15:25:11 [pool-1-thread-1] DEBUG org.tdg.twit.db.DataStats  - Creating DB connection
290746 05 Apr 2013 15:25:11 [pool-1-thread-1] DEBUG org.tdg.twit.db.DataStats  - Get number of rows in db
290746 05 Apr 2013 15:25:11 [pool-1-thread-1] DEBUG org.tdg.twit.db.DataStats  - Creating DB connection
290931 05 Apr 2013 15:25:11 [pool-1-thread-1] DEBUG org.tdg.twit.db.DataStats  - Get number of rows in db
290931 05 Apr 2013 15:25:11 [pool-1-thread-1] DEBUG org.tdg.twit.db.DataStats  - Creating DB connection
290937 05 Apr 2013 15:25:11 [pool-1-thread-1] DEBUG org.tdg.twit.db.DataStats  - Get number of rows in db
290937 05 Apr 2013 15:25:11 [pool-1-thread-1] DEBUG org.tdg.twit.db.DataStats  - Creating DB connection
291110 05 Apr 2013 15:25:12 [pool-1-thread-1] DEBUG org.tdg.twit.db.DataStats  - Get number of rows in db
291111 05 Apr 2013 15:25:12 [pool-1-thread-1] DEBUG org.tdg.twit.db.DataStats  - Creating DB connection
291118 05 Apr 2013 15:25:12 [pool-1-thread-1] DEBUG org.tdg.twit.db.DataStats  - Get number of rows in db
291118 05 Apr 2013 15:25:12 [pool-1-thread-1] DEBUG org.tdg.twit.db.DataStats  - Creating DB connection
291252 05 Apr 2013 15:25:12 [pool-1-thread-1] DEBUG org.tdg.twit.db.DataStats  - Get number of rows in db
291252 05 Apr 2013 15:25:12 [pool-1-thread-1] DEBUG org.tdg.twit.db.DataStats  - Creating DB connection
291259 05 Apr 2013 15:25:12 [pool-1-thread-1] DEBUG org.tdg.twit.db.DataStats  - Get number of rows in db
291259 05 Apr 2013 15:25:12 [pool-1-thread-1] DEBUG org.tdg.twit.db.DataStats  - Creating DB connection
291376 05 Apr 2013 15:25:12 [pool-1-thread-1] DEBUG org.tdg.twit.db.DataStats  - Get number of rows in db
291376 05 Apr 2013 15:25:12 [pool-1-thread-1] DEBUG org.tdg.twit.db.DataStats  - Creating DB connection
291386 05 Apr 2013 15:25:12 [pool-1-thread-1] DEBUG org.tdg.twit.db.DataStats  - Get number of rows in db
291386 05 Apr 2013 15:25:12 [pool-1-thread-1] DEBUG org.tdg.twit.db.DataStats  - Creating DB connection
291544 05 Apr 2013 15:25:12 [pool-1-thread-1] DEBUG org.tdg.twit.db.DataStats  - Get number of rows in db
291545 05 Apr 2013 15:25:12 [pool-1-thread-1] DEBUG org.tdg.twit.db.DataStats  - Creating DB connection
291556 05 Apr 2013 15:25:12 [pool-1-thread-1] DEBUG org.tdg.twit.db.DataStats  - Get number of rows in db
291556 05 Apr 2013 15:25:12 [pool-1-thread-1] DEBUG org.tdg.twit.db.DataStats  - Creating DB connection
292385 05 Apr 2013 15:25:13 [pool-1-thread-1] DEBUG org.tdg.twit.db.DataStats  - Get number of rows in db
292386 05 Apr 2013 15:25:13 [pool-1-thread-1] DEBUG org.tdg.twit.db.DataStats  - Creating DB connection
292392 05 Apr 2013 15:25:13 [pool-1-thread-1] DEBUG org.tdg.twit.db.DataStats  - Get number of rows in db
292392 05 Apr 2013 15:25:13 [pool-1-thread-1] DEBUG org.tdg.twit.db.DataStats  - Creating DB connection
292397 05 Apr 2013 15:25:13 [pool-1-thread-1] DEBUG org.tdg.twit.db.DataStats  - Get number of rows in db
292397 05 Apr 2013 15:25:13 [pool-1-thread-1] DEBUG org.tdg.twit.db.DataStats  - Creating DB connection
292779 05 Apr 2013 15:25:13 [pool-1-thread-1] DEBUG org.tdg.twit.db.DataStats  - Get number of rows in db
292779 05 Apr 2013 15:25:13 [pool-1-thread-1] DEBUG org.tdg.twit.db.DataStats  - Creating DB connection
292787 05 Apr 2013 15:25:13 [pool-1-thread-1] DEBUG org.tdg.twit.db.DataStats  - Get number of rows in db
292787 05 Apr 2013 15:25:13 [pool-1-thread-1] DEBUG org.tdg.twit.db.DataStats  - Creating DB connection
293513 05 Apr 2013 15:25:14 [pool-1-thread-1] DEBUG org.tdg.twit.db.DataStats  - Get number of rows in db
293514 05 Apr 2013 15:25:14 [pool-1-thread-1] DEBUG org.tdg.twit.db.DataStats  - Creating DB connection
293520 05 Apr 2013 15:25:14 [pool-1-thread-1] DEBUG org.tdg.twit.db.DataStats  - Get number of rows in db
293520 05 Apr 2013 15:25:14 [pool-1-thread-1] DEBUG org.tdg.twit.db.DataStats  - Creating DB connection
293527 05 Apr 2013 15:25:14 [pool-1-thread-1] DEBUG org.tdg.twit.db.DataStats  - Get number of rows in db
293528 05 Apr 2013 15:25:14 [pool-1-thread-1] DEBUG org.tdg.twit.db.DataStats  - Creating DB connection
293689 05 Apr 2013 15:25:14 [pool-1-thread-1] DEBUG org.tdg.twit.db.DataStats  - Get number of rows in db
293689 05 Apr 2013 15:25:14 [pool-1-thread-1] DEBUG org.tdg.twit.db.DataStats  - Creating DB connection
293697 05 Apr 2013 15:25:14 [pool-1-thread-1] DEBUG org.tdg.twit.db.DataStats  - Get number of rows in db
293697 05 Apr 2013 15:25:14 [pool-1-thread-1] DEBUG org.tdg.twit.db.DataStats  - Creating DB connection
293855 05 Apr 2013 15:25:14 [pool-1-thread-1] DEBUG org.tdg.twit.db.DataStats  - Get number of rows in db
293855 05 Apr 2013 15:25:14 [pool-1-thread-1] DEBUG org.tdg.twit.db.DataStats  - Creating DB connection
293865 05 Apr 2013 15:25:14 [pool-1-thread-1] DEBUG org.tdg.twit.db.DataStats  - Get number of rows in db
293865 05 Apr 2013 15:25:14 [pool-1-thread-1] DEBUG org.tdg.twit.db.DataStats  - Creating DB connection
294096 05 Apr 2013 15:25:14 [pool-1-thread-1] DEBUG org.tdg.twit.db.DataStats  - Get number of rows in db
294096 05 Apr 2013 15:25:14 [pool-1-thread-1] DEBUG org.tdg.twit.db.DataStats  - Creating DB connection
294106 05 Apr 2013 15:25:14 [pool-1-thread-1] DEBUG org.tdg.twit.db.DataStats  - Get number of rows in db
294106 05 Apr 2013 15:25:14 [pool-1-thread-1] DEBUG org.tdg.twit.db.DataStats  - Creating DB connection
294515 05 Apr 2013 15:25:15 [pool-1-thread-1] DEBUG org.tdg.twit.db.DataStats  - Get number of rows in db
294515 05 Apr 2013 15:25:15 [pool-1-thread-1] DEBUG org.tdg.twit.db.DataStats  - Creating DB connection
294526 05 Apr 2013 15:25:15 [pool-1-thread-1] DEBUG org.tdg.twit.db.DataStats  - Get number of rows in db
294526 05 Apr 2013 15:25:15 [pool-1-thread-1] DEBUG org.tdg.twit.db.DataStats  - Creating DB connection
294640 05 Apr 2013 15:25:15 [pool-1-thread-1] DEBUG org.tdg.twit.db.DataStats  - Get number of rows in db
294640 05 Apr 2013 15:25:15 [pool-1-thread-1] DEBUG org.tdg.twit.db.DataStats  - Creating DB connection
294647 05 Apr 2013 15:25:15 [pool-1-thread-1] DEBUG org.tdg.twit.db.DataStats  - Get number of rows in db
294648 05 Apr 2013 15:25:15 [pool-1-thread-1] DEBUG org.tdg.twit.db.DataStats  - Creating DB connection
295106 05 Apr 2013 15:25:15 [pool-1-thread-1] DEBUG org.tdg.twit.db.DataStats  - Get number of rows in db
295106 05 Apr 2013 15:25:15 [pool-1-thread-1] DEBUG org.tdg.twit.db.DataStats  - Creating DB connection
295110 05 Apr 2013 15:25:16 [pool-1-thread-1] DEBUG org.tdg.twit.db.DataStats  - Get number of rows in db
295110 05 Apr 2013 15:25:16 [pool-1-thread-1] DEBUG org.tdg.twit.db.DataStats  - Creating DB connection
295406 05 Apr 2013 15:25:16 [pool-1-thread-1] DEBUG org.tdg.twit.db.DataStats  - Get number of rows in db
295406 05 Apr 2013 15:25:16 [pool-1-thread-1] DEBUG org.tdg.twit.db.DataStats  - Creating DB connection
295416 05 Apr 2013 15:25:16 [pool-1-thread-1] DEBUG org.tdg.twit.db.DataStats  - Get number of rows in db
295416 05 Apr 2013 15:25:16 [pool-1-thread-1] DEBUG org.tdg.twit.db.DataStats  - Creating DB connection
295532 05 Apr 2013 15:25:16 [pool-1-thread-1] DEBUG org.tdg.twit.db.DataStats  - Get number of rows in db
295533 05 Apr 2013 15:25:16 [pool-1-thread-1] DEBUG org.tdg.twit.db.DataStats  - Creating DB connection
295545 05 Apr 2013 15:25:16 [pool-1-thread-1] DEBUG org.tdg.twit.db.DataStats  - Get number of rows in db
295545 05 Apr 2013 15:25:16 [pool-1-thread-1] DEBUG org.tdg.twit.db.DataStats  - Creating DB connection
295663 05 Apr 2013 15:25:16 [pool-1-thread-1] DEBUG org.tdg.twit.db.DataStats  - Get number of rows in db
295663 05 Apr 2013 15:25:16 [pool-1-thread-1] DEBUG org.tdg.twit.db.DataStats  - Creating DB connection
295675 05 Apr 2013 15:25:16 [pool-1-thread-1] DEBUG org.tdg.twit.db.DataStats  - Get number of rows in db
295675 05 Apr 2013 15:25:16 [pool-1-thread-1] DEBUG org.tdg.twit.db.DataStats  - Creating DB connection
295791 05 Apr 2013 15:25:16 [pool-1-thread-1] DEBUG org.tdg.twit.db.DataStats  - Get number of rows in db
295791 05 Apr 2013 15:25:16 [pool-1-thread-1] DEBUG org.tdg.twit.db.DataStats  - Creating DB connection
295798 05 Apr 2013 15:25:16 [pool-1-thread-1] DEBUG org.tdg.twit.db.DataStats  - Get number of rows in db
295798 05 Apr 2013 15:25:16 [pool-1-thread-1] DEBUG org.tdg.twit.db.DataStats  - Creating DB connection
295806 05 Apr 2013 15:25:16 [pool-1-thread-1] DEBUG org.tdg.twit.db.DataStats  - Get number of rows in db
295806 05 Apr 2013 15:25:16 [pool-1-thread-1] DEBUG org.tdg.twit.db.DataStats  - Creating DB connection
296125 05 Apr 2013 15:25:17 [pool-1-thread-1] DEBUG org.tdg.twit.db.DataStats  - Get number of rows in db
296125 05 Apr 2013 15:25:17 [pool-1-thread-1] DEBUG org.tdg.twit.db.DataStats  - Creating DB connection
296138 05 Apr 2013 15:25:17 [pool-1-thread-1] DEBUG org.tdg.twit.db.DataStats  - Get number of rows in db
296138 05 Apr 2013 15:25:17 [pool-1-thread-1] DEBUG org.tdg.twit.db.DataStats  - Creating DB connection
296250 05 Apr 2013 15:25:17 [pool-1-thread-1] DEBUG org.tdg.twit.db.DataStats  - Get number of rows in db
296250 05 Apr 2013 15:25:17 [pool-1-thread-1] DEBUG org.tdg.twit.db.DataStats  - Creating DB connection
296258 05 Apr 2013 15:25:17 [pool-1-thread-1] DEBUG org.tdg.twit.db.DataStats  - Get number of rows in db
296258 05 Apr 2013 15:25:17 [pool-1-thread-1] DEBUG org.tdg.twit.db.DataStats  - Creating DB connection
296366 05 Apr 2013 15:25:17 [pool-1-thread-1] DEBUG org.tdg.twit.db.DataStats  - Get number of rows in db
296366 05 Apr 2013 15:25:17 [pool-1-thread-1] DEBUG org.tdg.twit.db.DataStats  - Creating DB connection
296374 05 Apr 2013 15:25:17 [pool-1-thread-1] DEBUG org.tdg.twit.db.DataStats  - Get number of rows in db
296374 05 Apr 2013 15:25:17 [pool-1-thread-1] DEBUG org.tdg.twit.db.DataStats  - Creating DB connection
296509 05 Apr 2013 15:25:17 [pool-1-thread-1] DEBUG org.tdg.twit.db.DataStats  - Get number of rows in db
296509 05 Apr 2013 15:25:17 [pool-1-thread-1] DEBUG org.tdg.twit.db.DataStats  - Creating DB connection
296517 05 Apr 2013 15:25:17 [pool-1-thread-1] DEBUG org.tdg.twit.db.DataStats  - Get number of rows in db
296517 05 Apr 2013 15:25:17 [pool-1-thread-1] DEBUG org.tdg.twit.db.DataStats  - Creating DB connection
296643 05 Apr 2013 15:25:17 [pool-1-thread-1] DEBUG org.tdg.twit.db.DataStats  - Get number of rows in db
296643 05 Apr 2013 15:25:17 [pool-1-thread-1] DEBUG org.tdg.twit.db.DataStats  - Creating DB connection
296651 05 Apr 2013 15:25:17 [pool-1-thread-1] DEBUG org.tdg.twit.db.DataStats  - Get number of rows in db
296651 05 Apr 2013 15:25:17 [pool-1-thread-1] DEBUG org.tdg.twit.db.DataStats  - Creating DB connection
296766 05 Apr 2013 15:25:17 [pool-1-thread-1] DEBUG org.tdg.twit.db.DataStats  - Get number of rows in db
296766 05 Apr 2013 15:25:17 [pool-1-thread-1] DEBUG org.tdg.twit.db.DataStats  - Creating DB connection
296770 05 Apr 2013 15:25:17 [pool-1-thread-1] DEBUG org.tdg.twit.db.DataStats  - Get number of rows in db
296770 05 Apr 2013 15:25:17 [pool-1-thread-1] DEBUG org.tdg.twit.db.DataStats  - Creating DB connection
296935 05 Apr 2013 15:25:17 [pool-1-thread-1] DEBUG org.tdg.twit.db.DataStats  - Get number of rows in db
296935 05 Apr 2013 15:25:17 [pool-1-thread-1] DEBUG org.tdg.twit.db.DataStats  - Creating DB connection
296946 05 Apr 2013 15:25:17 [pool-1-thread-1] DEBUG org.tdg.twit.db.DataStats  - Get number of rows in db
296946 05 Apr 2013 15:25:17 [pool-1-thread-1] DEBUG org.tdg.twit.db.DataStats  - Creating DB connection
297176 05 Apr 2013 15:25:18 [pool-1-thread-1] DEBUG org.tdg.twit.db.DataStats  - Get number of rows in db
297176 05 Apr 2013 15:25:18 [pool-1-thread-1] DEBUG org.tdg.twit.db.DataStats  - Creating DB connection
297186 05 Apr 2013 15:25:18 [pool-1-thread-1] DEBUG org.tdg.twit.db.DataStats  - Get number of rows in db
297186 05 Apr 2013 15:25:18 [pool-1-thread-1] DEBUG org.tdg.twit.db.DataStats  - Creating DB connection
297626 05 Apr 2013 15:25:18 [pool-1-thread-1] DEBUG org.tdg.twit.db.DataStats  - Get number of rows in db
297626 05 Apr 2013 15:25:18 [pool-1-thread-1] DEBUG org.tdg.twit.db.DataStats  - Creating DB connection
297634 05 Apr 2013 15:25:18 [pool-1-thread-1] DEBUG org.tdg.twit.db.DataStats  - Get number of rows in db
297634 05 Apr 2013 15:25:18 [pool-1-thread-1] DEBUG org.tdg.twit.db.DataStats  - Creating DB connection
297761 05 Apr 2013 15:25:18 [pool-1-thread-1] DEBUG org.tdg.twit.db.DataStats  - Get number of rows in db
297761 05 Apr 2013 15:25:18 [pool-1-thread-1] DEBUG org.tdg.twit.db.DataStats  - Creating DB connection
297765 05 Apr 2013 15:25:18 [pool-1-thread-1] DEBUG org.tdg.twit.db.DataStats  - Get number of rows in db
297765 05 Apr 2013 15:25:18 [pool-1-thread-1] DEBUG org.tdg.twit.db.DataStats  - Creating DB connection
297769 05 Apr 2013 15:25:18 [pool-1-thread-1] DEBUG org.tdg.twit.db.DataStats  - Get number of rows in db
297769 05 Apr 2013 15:25:18 [pool-1-thread-1] DEBUG org.tdg.twit.db.DataStats  - Creating DB connection
297928 05 Apr 2013 15:25:18 [pool-1-thread-1] DEBUG org.tdg.twit.db.DataStats  - Get number of rows in db
297928 05 Apr 2013 15:25:18 [pool-1-thread-1] DEBUG org.tdg.twit.db.DataStats  - Creating DB connection
297937 05 Apr 2013 15:25:18 [pool-1-thread-1] DEBUG org.tdg.twit.db.DataStats  - Get number of rows in db
297937 05 Apr 2013 15:25:18 [pool-1-thread-1] DEBUG org.tdg.twit.db.DataStats  - Creating DB connection
298395 05 Apr 2013 15:25:19 [pool-1-thread-1] DEBUG org.tdg.twit.db.DataStats  - Get number of rows in db
298395 05 Apr 2013 15:25:19 [pool-1-thread-1] DEBUG org.tdg.twit.db.DataStats  - Creating DB connection
298402 05 Apr 2013 15:25:19 [pool-1-thread-1] DEBUG org.tdg.twit.db.DataStats  - Get number of rows in db
298402 05 Apr 2013 15:25:19 [pool-1-thread-1] DEBUG org.tdg.twit.db.DataStats  - Creating DB connection
298408 05 Apr 2013 15:25:19 [pool-1-thread-1] DEBUG org.tdg.twit.db.DataStats  - Get number of rows in db
298408 05 Apr 2013 15:25:19 [pool-1-thread-1] DEBUG org.tdg.twit.db.DataStats  - Creating DB connection
298521 05 Apr 2013 15:25:19 [pool-1-thread-1] DEBUG org.tdg.twit.db.DataStats  - Get number of rows in db
298521 05 Apr 2013 15:25:19 [pool-1-thread-1] DEBUG org.tdg.twit.db.DataStats  - Creating DB connection
298532 05 Apr 2013 15:25:19 [pool-1-thread-1] DEBUG org.tdg.twit.db.DataStats  - Get number of rows in db
298532 05 Apr 2013 15:25:19 [pool-1-thread-1] DEBUG org.tdg.twit.db.DataStats  - Creating DB connection
298646 05 Apr 2013 15:25:19 [pool-1-thread-1] DEBUG org.tdg.twit.db.DataStats  - Get number of rows in db
298646 05 Apr 2013 15:25:19 [pool-1-thread-1] DEBUG org.tdg.twit.db.DataStats  - Creating DB connection
298649 05 Apr 2013 15:25:19 [pool-1-thread-1] DEBUG org.tdg.twit.db.DataStats  - Get number of rows in db
298649 05 Apr 2013 15:25:19 [pool-1-thread-1] DEBUG org.tdg.twit.db.DataStats  - Creating DB connection
298763 05 Apr 2013 15:25:19 [pool-1-thread-1] DEBUG org.tdg.twit.db.DataStats  - Get number of rows in db
298763 05 Apr 2013 15:25:19 [pool-1-thread-1] DEBUG org.tdg.twit.db.DataStats  - Creating DB connection
298775 05 Apr 2013 15:25:19 [pool-1-thread-1] DEBUG org.tdg.twit.db.DataStats  - Get number of rows in db
298775 05 Apr 2013 15:25:19 [pool-1-thread-1] DEBUG org.tdg.twit.db.DataStats  - Creating DB connection
298896 05 Apr 2013 15:25:19 [pool-1-thread-1] DEBUG org.tdg.twit.db.DataStats  - Get number of rows in db
298896 05 Apr 2013 15:25:19 [pool-1-thread-1] DEBUG org.tdg.twit.db.DataStats  - Creating DB connection
298899 05 Apr 2013 15:25:19 [pool-1-thread-1] DEBUG org.tdg.twit.db.DataStats  - Get number of rows in db
298900 05 Apr 2013 15:25:19 [pool-1-thread-1] DEBUG org.tdg.twit.db.DataStats  - Creating DB connection
299006 05 Apr 2013 15:25:19 [pool-1-thread-1] DEBUG org.tdg.twit.db.DataStats  - Get number of rows in db
299006 05 Apr 2013 15:25:19 [pool-1-thread-1] DEBUG org.tdg.twit.db.DataStats  - Creating DB connection
299014 05 Apr 2013 15:25:19 [pool-1-thread-1] DEBUG org.tdg.twit.db.DataStats  - Get number of rows in db
299014 05 Apr 2013 15:25:19 [pool-1-thread-1] DEBUG org.tdg.twit.db.DataStats  - Creating DB connection
299490 05 Apr 2013 15:25:20 [pool-1-thread-1] DEBUG org.tdg.twit.db.DataStats  - Get number of rows in db
299490 05 Apr 2013 15:25:20 [pool-1-thread-1] DEBUG org.tdg.twit.db.DataStats  - Creating DB connection
299495 05 Apr 2013 15:25:20 [pool-1-thread-1] DEBUG org.tdg.twit.db.DataStats  - Get number of rows in db
299495 05 Apr 2013 15:25:20 [pool-1-thread-1] DEBUG org.tdg.twit.db.DataStats  - Creating DB connection
299499 05 Apr 2013 15:25:20 [pool-1-thread-1] DEBUG org.tdg.twit.db.DataStats  - Get number of rows in db
299499 05 Apr 2013 15:25:20 [pool-1-thread-1] DEBUG org.tdg.twit.db.DataStats  - Creating DB connection
299606 05 Apr 2013 15:25:20 [pool-1-thread-1] DEBUG org.tdg.twit.db.DataStats  - Get number of rows in db
299606 05 Apr 2013 15:25:20 [pool-1-thread-1] DEBUG org.tdg.twit.db.DataStats  - Creating DB connection
299614 05 Apr 2013 15:25:20 [pool-1-thread-1] DEBUG org.tdg.twit.db.DataStats  - Get number of rows in db
299614 05 Apr 2013 15:25:20 [pool-1-thread-1] DEBUG org.tdg.twit.db.DataStats  - Creating DB connection
299724 05 Apr 2013 15:25:20 [pool-1-thread-1] DEBUG org.tdg.twit.db.DataStats  - Get number of rows in db
299724 05 Apr 2013 15:25:20 [pool-1-thread-1] DEBUG org.tdg.twit.db.DataStats  - Creating DB connection
299736 05 Apr 2013 15:25:20 [pool-1-thread-1] DEBUG org.tdg.twit.db.DataStats  - Get number of rows in db
299736 05 Apr 2013 15:25:20 [pool-1-thread-1] DEBUG org.tdg.twit.db.DataStats  - Creating DB connection
300203 05 Apr 2013 15:25:21 [pool-1-thread-2] ERROR org.tdg.twit.db.ManageProcess  - org.tdg.twit.db.ManageProcess Communications link failure due to underlying exception: 

** BEGIN NESTED EXCEPTION ** 

java.net.SocketException
MESSAGE: Socket closed

STACKTRACE:

java.net.SocketException: Socket closed
	at java.net.SocketInputStream.socketRead0(Native Method)
	at java.net.SocketInputStream.read(SocketInputStream.java:150)
	at java.net.SocketInputStream.read(SocketInputStream.java:121)
	at com.mysql.jdbc.util.ReadAheadInputStream.fill(ReadAheadInputStream.java:113)
	at com.mysql.jdbc.util.ReadAheadInputStream.readFromUnderlyingStreamIfNecessary(ReadAheadInputStream.java:160)
	at com.mysql.jdbc.util.ReadAheadInputStream.read(ReadAheadInputStream.java:188)
	at com.mysql.jdbc.MysqlIO.readFully(MysqlIO.java:1994)
	at com.mysql.jdbc.MysqlIO.reuseAndReadPacket(MysqlIO.java:2411)
	at com.mysql.jdbc.MysqlIO.checkErrorPacket(MysqlIO.java:2916)
	at com.mysql.jdbc.MysqlIO.sendCommand(MysqlIO.java:1631)
	at com.mysql.jdbc.MysqlIO.sqlQueryDirect(MysqlIO.java:1723)
	at com.mysql.jdbc.Connection.execSQL(Connection.java:3283)
	at com.mysql.jdbc.PreparedStatement.executeInternal(PreparedStatement.java:1332)
	at com.mysql.jdbc.PreparedStatement.execute(PreparedStatement.java:882)
	at org.tdg.twit.db.ManageProcess.run(ManageProcess.java:79)
	at java.util.concurrent.Executors$RunnableAdapter.call(Executors.java:471)
	at java.util.concurrent.FutureTask$Sync.innerRun(FutureTask.java:334)
	at java.util.concurrent.FutureTask.run(FutureTask.java:166)
	at java.util.concurrent.ThreadPoolExecutor.runWorker(ThreadPoolExecutor.java:1145)
	at java.util.concurrent.ThreadPoolExecutor$Worker.run(ThreadPoolExecutor.java:615)
	at java.lang.Thread.run(Thread.java:722)


** END NESTED EXCEPTION **



Last packet sent to the server was 4 ms ago.
300208 05 Apr 2013 15:25:21 [pool-1-thread-2] ERROR org.tdg.twit.db.ManageProcess  - org.tdg.twit.db.ManageProcess: No operations allowed after connection closed.
0    07 Apr 2013 21:48:54 [main] INFO  org.tdg.twit.main.FpClassifier  - Starting app
2    07 Apr 2013 21:48:54 [main] ERROR org.tdg.twit.main.FpClassifier  - org.tdg.twit.main.FpClassifier: Wrong arguments supplied: Example -- java -jar fpclassifier user password
0    07 Apr 2013 21:49:02 [main] INFO  org.tdg.twit.main.FpClassifier  - Starting app
1    07 Apr 2013 21:49:02 [main] ERROR org.tdg.twit.main.FpClassifier  - org.tdg.twit.main.FpClassifier: Wrong arguments supplied: Example -- java -jar fpclassifier user password
0    07 Apr 2013 21:49:10 [main] INFO  org.tdg.twit.main.FpClassifier  - Starting app
2    07 Apr 2013 21:49:10 [main] ERROR org.tdg.twit.main.FpClassifier  - org.tdg.twit.main.FpClassifier: Wrong arguments supplied: Example -- java -jar fpclassifier user password
0    07 Apr 2013 21:49:33 [main] INFO  org.tdg.twit.main.FpClassifier  - Starting app
245  07 Apr 2013 21:49:33 [pool-1-thread-1] DEBUG org.tdg.twit.inbound.Gather  - Starting Gather Data Thread
260  07 Apr 2013 21:49:33 [pool-1-thread-2] DEBUG org.tdg.twit.db.ManageProcess  - Start counting records to be processed
264  07 Apr 2013 21:49:33 [pool-1-thread-1] INFO  org.tdg.twit.inbound.Gather  - org.tdg.twit.inbound.Gather: Downloading Statuses from twitter.
278  07 Apr 2013 21:49:33 [pool-1-thread-1] DEBUG org.tdg.twit.inbound.Gather  - Exiting Gather Data Thread
31321 07 Apr 2013 21:50:04 [main] ERROR org.tdg.twit.main.FpClassifier  - You have an error in your SQL syntax; check the manual that corresponds to your MySQL server version for the right syntax to use near 'recovered_statuses rp, raw_twitter_posts raw, frequents f, posts up WHERE 1=1' at line 1
0    07 Apr 2013 21:53:07 [main] INFO  org.tdg.twit.main.FpClassifier  - Starting app
258  07 Apr 2013 21:53:07 [pool-1-thread-1] DEBUG org.tdg.twit.inbound.Gather  - Starting Gather Data Thread
279  07 Apr 2013 21:53:07 [pool-1-thread-2] DEBUG org.tdg.twit.db.ManageProcess  - Start counting records to be processed
279  07 Apr 2013 21:53:07 [pool-1-thread-1] INFO  org.tdg.twit.inbound.Gather  - org.tdg.twit.inbound.Gather: Downloading Statuses from twitter.
280  07 Apr 2013 21:53:07 [pool-1-thread-1] DEBUG org.tdg.twit.inbound.Gather  - Exiting Gather Data Thread
0    07 Apr 2013 21:53:55 [main] INFO  org.tdg.twit.main.FpClassifier  - Starting app
246  07 Apr 2013 21:53:55 [pool-1-thread-1] DEBUG org.tdg.twit.inbound.Gather  - Starting Gather Data Thread
259  07 Apr 2013 21:53:55 [pool-1-thread-2] DEBUG org.tdg.twit.db.ManageProcess  - Start counting records to be processed
267  07 Apr 2013 21:53:55 [pool-1-thread-1] INFO  org.tdg.twit.inbound.Gather  - org.tdg.twit.inbound.Gather: Downloading Statuses from twitter.
269  07 Apr 2013 21:53:55 [pool-1-thread-1] DEBUG org.tdg.twit.inbound.Gather  - Exiting Gather Data Thread
272  07 Apr 2013 21:53:55 [main] INFO  org.tdg.twit.main.FpClassifier  - org.tdg.twit.main.FpClassifier: Statistics
0    07 Apr 2013 21:57:06 [main] INFO  org.tdg.twit.main.FpClassifier  - Starting app
228  07 Apr 2013 21:57:07 [pool-1-thread-1] DEBUG org.tdg.twit.inbound.Gather  - Starting Gather Data Thread
234  07 Apr 2013 21:57:07 [pool-1-thread-2] DEBUG org.tdg.twit.db.ManageProcess  - Start counting records to be processed
240  07 Apr 2013 21:57:07 [pool-1-thread-1] INFO  org.tdg.twit.inbound.Gather  - org.tdg.twit.inbound.Gather: Downloading Statuses from twitter.
241  07 Apr 2013 21:57:07 [pool-1-thread-1] DEBUG org.tdg.twit.inbound.Gather  - Exiting Gather Data Thread
1627 07 Apr 2013 21:57:08 [main] INFO  org.tdg.twit.main.FpClassifier  - org.tdg.twit.main.FpClassifier: Statistics
0    07 Apr 2013 21:57:37 [main] INFO  org.tdg.twit.main.FpClassifier  - Starting app
254  07 Apr 2013 21:57:37 [pool-1-thread-1] DEBUG org.tdg.twit.inbound.Gather  - Starting Gather Data Thread
257  07 Apr 2013 21:57:37 [pool-1-thread-2] DEBUG org.tdg.twit.db.ManageProcess  - Start counting records to be processed
262  07 Apr 2013 21:57:37 [pool-1-thread-1] INFO  org.tdg.twit.inbound.Gather  - org.tdg.twit.inbound.Gather: Downloading Statuses from twitter.
263  07 Apr 2013 21:57:37 [pool-1-thread-1] DEBUG org.tdg.twit.inbound.Gather  - Exiting Gather Data Thread
1724 07 Apr 2013 21:57:39 [main] INFO  org.tdg.twit.main.FpClassifier  - org.tdg.twit.main.FpClassifier: Statistics
0    07 Apr 2013 21:58:37 [main] INFO  org.tdg.twit.main.FpClassifier  - Starting app
239  07 Apr 2013 21:58:37 [pool-1-thread-1] DEBUG org.tdg.twit.inbound.Gather  - Starting Gather Data Thread
246  07 Apr 2013 21:58:37 [pool-1-thread-2] DEBUG org.tdg.twit.db.ManageProcess  - Start counting records to be processed
251  07 Apr 2013 21:58:37 [pool-1-thread-1] INFO  org.tdg.twit.inbound.Gather  - org.tdg.twit.inbound.Gather: Downloading Statuses from twitter.
253  07 Apr 2013 21:58:37 [pool-1-thread-1] DEBUG org.tdg.twit.inbound.Gather  - Exiting Gather Data Thread
1661 07 Apr 2013 21:58:39 [main] INFO  org.tdg.twit.main.FpClassifier  - org.tdg.twit.main.FpClassifier: Statistics
1663 07 Apr 2013 21:58:39 [main] INFO  org.tdg.twit.main.FpClassifier  - 	 Percentage of usable posts: 1.0
3074 07 Apr 2013 21:58:40 [main] INFO  org.tdg.twit.main.FpClassifier  - org.tdg.twit.main.FpClassifier: Statistics
3075 07 Apr 2013 21:58:40 [main] INFO  org.tdg.twit.main.FpClassifier  - 	 Percentage of usable posts: 1.0
4506 07 Apr 2013 21:58:41 [main] INFO  org.tdg.twit.main.FpClassifier  - org.tdg.twit.main.FpClassifier: Statistics
4507 07 Apr 2013 21:58:41 [main] INFO  org.tdg.twit.main.FpClassifier  - 	 Percentage of usable posts: 1.0
5916 07 Apr 2013 21:58:43 [main] INFO  org.tdg.twit.main.FpClassifier  - org.tdg.twit.main.FpClassifier: Statistics
5917 07 Apr 2013 21:58:43 [main] INFO  org.tdg.twit.main.FpClassifier  - 	 Percentage of usable posts: 1.0
7317 07 Apr 2013 21:58:44 [main] INFO  org.tdg.twit.main.FpClassifier  - org.tdg.twit.main.FpClassifier: Statistics
7319 07 Apr 2013 21:58:44 [main] INFO  org.tdg.twit.main.FpClassifier  - 	 Percentage of usable posts: 1.0
8716 07 Apr 2013 21:58:46 [main] INFO  org.tdg.twit.main.FpClassifier  - org.tdg.twit.main.FpClassifier: Statistics
8717 07 Apr 2013 21:58:46 [main] INFO  org.tdg.twit.main.FpClassifier  - 	 Percentage of usable posts: 1.0
10177 07 Apr 2013 21:58:47 [main] INFO  org.tdg.twit.main.FpClassifier  - org.tdg.twit.main.FpClassifier: Statistics
10178 07 Apr 2013 21:58:47 [main] INFO  org.tdg.twit.main.FpClassifier  - 	 Percentage of usable posts: 1.0
11591 07 Apr 2013 21:58:48 [main] INFO  org.tdg.twit.main.FpClassifier  - org.tdg.twit.main.FpClassifier: Statistics
11592 07 Apr 2013 21:58:48 [main] INFO  org.tdg.twit.main.FpClassifier  - 	 Percentage of usable posts: 1.0
13041 07 Apr 2013 21:58:50 [main] INFO  org.tdg.twit.main.FpClassifier  - org.tdg.twit.main.FpClassifier: Statistics
13042 07 Apr 2013 21:58:50 [main] INFO  org.tdg.twit.main.FpClassifier  - 	 Percentage of usable posts: 1.0
14460 07 Apr 2013 21:58:51 [main] INFO  org.tdg.twit.main.FpClassifier  - org.tdg.twit.main.FpClassifier: Statistics
14461 07 Apr 2013 21:58:51 [main] INFO  org.tdg.twit.main.FpClassifier  - 	 Percentage of usable posts: 1.0
15875 07 Apr 2013 21:58:53 [main] INFO  org.tdg.twit.main.FpClassifier  - org.tdg.twit.main.FpClassifier: Statistics
15876 07 Apr 2013 21:58:53 [main] INFO  org.tdg.twit.main.FpClassifier  - 	 Percentage of usable posts: 1.0
17315 07 Apr 2013 21:58:54 [main] INFO  org.tdg.twit.main.FpClassifier  - org.tdg.twit.main.FpClassifier: Statistics
17316 07 Apr 2013 21:58:54 [main] INFO  org.tdg.twit.main.FpClassifier  - 	 Percentage of usable posts: 1.0
18730 07 Apr 2013 21:58:56 [main] INFO  org.tdg.twit.main.FpClassifier  - org.tdg.twit.main.FpClassifier: Statistics
18731 07 Apr 2013 21:58:56 [main] INFO  org.tdg.twit.main.FpClassifier  - 	 Percentage of usable posts: 1.0
20132 07 Apr 2013 21:58:57 [main] INFO  org.tdg.twit.main.FpClassifier  - org.tdg.twit.main.FpClassifier: Statistics
20133 07 Apr 2013 21:58:57 [main] INFO  org.tdg.twit.main.FpClassifier  - 	 Percentage of usable posts: 1.0
21564 07 Apr 2013 21:58:58 [main] INFO  org.tdg.twit.main.FpClassifier  - org.tdg.twit.main.FpClassifier: Statistics
21565 07 Apr 2013 21:58:58 [main] INFO  org.tdg.twit.main.FpClassifier  - 	 Percentage of usable posts: 1.0
22979 07 Apr 2013 21:59:00 [main] INFO  org.tdg.twit.main.FpClassifier  - org.tdg.twit.main.FpClassifier: Statistics
22980 07 Apr 2013 21:59:00 [main] INFO  org.tdg.twit.main.FpClassifier  - 	 Percentage of usable posts: 1.0
24387 07 Apr 2013 21:59:01 [main] INFO  org.tdg.twit.main.FpClassifier  - org.tdg.twit.main.FpClassifier: Statistics
24388 07 Apr 2013 21:59:01 [main] INFO  org.tdg.twit.main.FpClassifier  - 	 Percentage of usable posts: 1.0
25789 07 Apr 2013 21:59:03 [main] INFO  org.tdg.twit.main.FpClassifier  - org.tdg.twit.main.FpClassifier: Statistics
25790 07 Apr 2013 21:59:03 [main] INFO  org.tdg.twit.main.FpClassifier  - 	 Percentage of usable posts: 1.0
27216 07 Apr 2013 21:59:04 [main] INFO  org.tdg.twit.main.FpClassifier  - org.tdg.twit.main.FpClassifier: Statistics
27218 07 Apr 2013 21:59:04 [main] INFO  org.tdg.twit.main.FpClassifier  - 	 Percentage of usable posts: 1.0
28620 07 Apr 2013 21:59:06 [main] INFO  org.tdg.twit.main.FpClassifier  - org.tdg.twit.main.FpClassifier: Statistics
28620 07 Apr 2013 21:59:06 [main] INFO  org.tdg.twit.main.FpClassifier  - 	 Percentage of usable posts: 1.0
30019 07 Apr 2013 21:59:07 [main] INFO  org.tdg.twit.main.FpClassifier  - org.tdg.twit.main.FpClassifier: Statistics
30020 07 Apr 2013 21:59:07 [main] INFO  org.tdg.twit.main.FpClassifier  - 	 Percentage of usable posts: 1.0
31449 07 Apr 2013 21:59:08 [main] INFO  org.tdg.twit.main.FpClassifier  - org.tdg.twit.main.FpClassifier: Statistics
31449 07 Apr 2013 21:59:08 [main] INFO  org.tdg.twit.main.FpClassifier  - 	 Percentage of usable posts: 1.0
32856 07 Apr 2013 21:59:10 [main] INFO  org.tdg.twit.main.FpClassifier  - org.tdg.twit.main.FpClassifier: Statistics
32857 07 Apr 2013 21:59:10 [main] INFO  org.tdg.twit.main.FpClassifier  - 	 Percentage of usable posts: 1.0
34264 07 Apr 2013 21:59:11 [main] INFO  org.tdg.twit.main.FpClassifier  - org.tdg.twit.main.FpClassifier: Statistics
34264 07 Apr 2013 21:59:11 [main] INFO  org.tdg.twit.main.FpClassifier  - 	 Percentage of usable posts: 1.0
35661 07 Apr 2013 21:59:13 [main] INFO  org.tdg.twit.main.FpClassifier  - org.tdg.twit.main.FpClassifier: Statistics
35662 07 Apr 2013 21:59:13 [main] INFO  org.tdg.twit.main.FpClassifier  - 	 Percentage of usable posts: 1.0
37094 07 Apr 2013 21:59:14 [main] INFO  org.tdg.twit.main.FpClassifier  - org.tdg.twit.main.FpClassifier: Statistics
37094 07 Apr 2013 21:59:14 [main] INFO  org.tdg.twit.main.FpClassifier  - 	 Percentage of usable posts: 1.0
38530 07 Apr 2013 21:59:15 [main] INFO  org.tdg.twit.main.FpClassifier  - org.tdg.twit.main.FpClassifier: Statistics
38531 07 Apr 2013 21:59:15 [main] INFO  org.tdg.twit.main.FpClassifier  - 	 Percentage of usable posts: 1.0
39931 07 Apr 2013 21:59:17 [main] INFO  org.tdg.twit.main.FpClassifier  - org.tdg.twit.main.FpClassifier: Statistics
39932 07 Apr 2013 21:59:17 [main] INFO  org.tdg.twit.main.FpClassifier  - 	 Percentage of usable posts: 1.0
41343 07 Apr 2013 21:59:18 [main] INFO  org.tdg.twit.main.FpClassifier  - org.tdg.twit.main.FpClassifier: Statistics
41344 07 Apr 2013 21:59:18 [main] INFO  org.tdg.twit.main.FpClassifier  - 	 Percentage of usable posts: 1.0
42756 07 Apr 2013 21:59:20 [main] INFO  org.tdg.twit.main.FpClassifier  - org.tdg.twit.main.FpClassifier: Statistics
42757 07 Apr 2013 21:59:20 [main] INFO  org.tdg.twit.main.FpClassifier  - 	 Percentage of usable posts: 1.0
44166 07 Apr 2013 21:59:21 [main] INFO  org.tdg.twit.main.FpClassifier  - org.tdg.twit.main.FpClassifier: Statistics
44167 07 Apr 2013 21:59:21 [main] INFO  org.tdg.twit.main.FpClassifier  - 	 Percentage of usable posts: 1.0
45569 07 Apr 2013 21:59:22 [main] INFO  org.tdg.twit.main.FpClassifier  - org.tdg.twit.main.FpClassifier: Statistics
45570 07 Apr 2013 21:59:22 [main] INFO  org.tdg.twit.main.FpClassifier  - 	 Percentage of usable posts: 1.0
46970 07 Apr 2013 21:59:24 [main] INFO  org.tdg.twit.main.FpClassifier  - org.tdg.twit.main.FpClassifier: Statistics
46971 07 Apr 2013 21:59:24 [main] INFO  org.tdg.twit.main.FpClassifier  - 	 Percentage of usable posts: 1.0
48387 07 Apr 2013 21:59:25 [main] INFO  org.tdg.twit.main.FpClassifier  - org.tdg.twit.main.FpClassifier: Statistics
48388 07 Apr 2013 21:59:25 [main] INFO  org.tdg.twit.main.FpClassifier  - 	 Percentage of usable posts: 1.0
49834 07 Apr 2013 21:59:27 [main] INFO  org.tdg.twit.main.FpClassifier  - org.tdg.twit.main.FpClassifier: Statistics
49835 07 Apr 2013 21:59:27 [main] INFO  org.tdg.twit.main.FpClassifier  - 	 Percentage of usable posts: 1.0
51240 07 Apr 2013 21:59:28 [main] INFO  org.tdg.twit.main.FpClassifier  - org.tdg.twit.main.FpClassifier: Statistics
51241 07 Apr 2013 21:59:28 [main] INFO  org.tdg.twit.main.FpClassifier  - 	 Percentage of usable posts: 1.0
52656 07 Apr 2013 21:59:30 [main] INFO  org.tdg.twit.main.FpClassifier  - org.tdg.twit.main.FpClassifier: Statistics
52656 07 Apr 2013 21:59:30 [main] INFO  org.tdg.twit.main.FpClassifier  - 	 Percentage of usable posts: 1.0
54052 07 Apr 2013 21:59:31 [main] INFO  org.tdg.twit.main.FpClassifier  - org.tdg.twit.main.FpClassifier: Statistics
54053 07 Apr 2013 21:59:31 [main] INFO  org.tdg.twit.main.FpClassifier  - 	 Percentage of usable posts: 1.0
