8846 03 Apr 2013 22:50:30 [main] ERROR org.tdg.twit.main.FpClassifier  - Communications link failure due to underlying exception: 

** BEGIN NESTED EXCEPTION ** 

java.net.ConnectException
MESSAGE: Connection refused: connect

STACKTRACE:

java.net.ConnectException: Connection refused: connect
	at java.net.DualStackPlainSocketImpl.connect0(Native Method)
	at java.net.DualStackPlainSocketImpl.socketConnect(Unknown Source)
	at java.net.AbstractPlainSocketImpl.doConnect(Unknown Source)
	at java.net.AbstractPlainSocketImpl.connectToAddress(Unknown Source)
	at java.net.AbstractPlainSocketImpl.connect(Unknown Source)
	at java.net.PlainSocketImpl.connect(Unknown Source)
	at java.net.SocksSocketImpl.connect(Unknown Source)
	at java.net.Socket.connect(Unknown Source)
	at java.net.Socket.connect(Unknown Source)
	at java.net.Socket.<init>(Unknown Source)
	at java.net.Socket.<init>(Unknown Source)
	at com.mysql.jdbc.StandardSocketFactory.connect(StandardSocketFactory.java:256)
	at com.mysql.jdbc.MysqlIO.<init>(MysqlIO.java:271)
	at com.mysql.jdbc.Connection.createNewIO(Connection.java:2771)
	at com.mysql.jdbc.Connection.<init>(Connection.java:1555)
	at com.mysql.jdbc.NonRegisteringDriver.connect(NonRegisteringDriver.java:285)
	at java.sql.DriverManager.getConnection(Unknown Source)
	at java.sql.DriverManager.getConnection(Unknown Source)
	at org.tdg.twit.main.FpClassifier.main(FpClassifier.java:45)


** END NESTED EXCEPTION **



Last packet sent to the server was 0 ms ago.
88438 03 Apr 2013 22:55:01 [main] ERROR org.tdg.twit.main.FpClassifier  - Before start of result set
90934 03 Apr 2013 22:55:03 [pool-1-thread-1] ERROR org.tdg.twit.inbound.Gather  - org.tdg.twit.inbound.Gather: Server redirected too many  times (20)
265  03 Apr 2013 23:10:18 [pool-1-thread-2] ERROR org.tdg.twit.db.ManageProcess  - org.tdg.twit.db.ManageProcess: Before start of result set
38111 03 Apr 2013 23:11:28 [pool-1-thread-1] ERROR org.tdg.twit.inbound.Gather  - org.tdg.twit.inbound.Gather: Server redirected too many  times (20)
16397 03 Apr 2013 23:13:02 [pool-1-thread-1] ERROR org.tdg.twit.inbound.Gather  - org.tdg.twit.inbound.Gather: Server redirected too many  times (20)
45101 03 Apr 2013 23:13:31 [Gather Data Thread] ERROR org.tdg.twit.inbound.Gather  - org.tdg.twit.inbound.Gather: Server redirected too many  times (20)
