2013-03-28 23:30:41,537 INFO  - Starting app
2013-03-28 23:30:41,540 DEBUG - Setup Gather Thread
2013-03-28 23:30:41,540 INFO  - Starting Gather Data Thread
2013-03-28 23:30:41,542 DEBUG - Start counting records to be processed
2013-03-28 23:30:48,803 ERROR - Server redirected too many  times (20)
2013-03-28 23:30:48,803 INFO  - Exiting Gather Data Thread
2013-03-28 23:30:48,803 INFO  - Stream from twitter has dried up
2013-03-28 23:31:29,642 INFO  - Starting app
2013-03-28 23:31:29,645 DEBUG - Setup Gather Thread
2013-03-28 23:31:29,645 INFO  - Starting Gather Data Thread
2013-03-28 23:31:29,647 DEBUG - Start counting records to be processed
2013-03-28 23:31:38,573 ERROR - Server redirected too many  times (20)
2013-03-28 23:31:38,574 INFO  - Exiting Gather Data Thread
2013-03-28 23:31:38,574 INFO  - Stream from twitter has dried up
2013-03-28 23:35:54,026 INFO  - Starting app
2013-03-28 23:35:54,029 DEBUG - Setup Gather Thread
2013-03-28 23:35:54,029 INFO  - Starting Gather Data Thread
2013-03-28 23:35:54,032 DEBUG - Start counting records to be processed
2013-03-28 23:36:04,637 ERROR - Server redirected too many  times (20)
2013-03-28 23:36:04,637 INFO  - Exiting Gather Data Thread
2013-03-28 23:36:04,637 INFO  - Stream from twitter has dried up
