<span id="DEBUG"> 04 May 2013 16:56:30 :: Inserting data into DB </span>
<span id="INFO"> 04 May 2013 16:56:32 :: org.tdg.twit.inbound.Gather: there have been 43200 posts downloaded </span>
<span id="INFO"> 04 May 2013 16:56:37 :: There have been: 200 records processed </span>
<span id="INFO"> 04 May 2013 16:56:43 :: org.tdg.twit.inbound.Gather: there have been 43400 posts downloaded </span>
<span id="DEBUG"> 04 May 2013 16:56:43 :: Inserting data into DB </span>
<span id="INFO"> 04 May 2013 16:56:45 :: There have been: 200 records processed </span>
<span id="INFO"> 04 May 2013 16:56:57 :: org.tdg.twit.inbound.Gather: there have been 43600 posts downloaded </span>
<span id="DEBUG"> 04 May 2013 16:56:57 :: Inserting data into DB </span>
<span id="INFO"> 04 May 2013 16:57:02 :: There have been: 200 records processed </span>
<span id="DEBUG"> 04 May 2013 16:57:13 :: Inserting data into DB </span>
<span id="INFO"> 04 May 2013 16:57:14 :: org.tdg.twit.inbound.Gather: there have been 43800 posts downloaded </span>
<span id="INFO"> 04 May 2013 16:57:19 :: There have been: 200 records processed </span>
<span id="INFO"> 04 May 2013 16:57:29 :: org.tdg.twit.inbound.Gather: there have been 44000 posts downloaded </span>
<span id="DEBUG"> 04 May 2013 16:57:29 :: Inserting data into DB </span>
<span id="INFO"> 04 May 2013 16:57:37 :: There have been: 200 records processed </span>
<span id="INFO"> 04 May 2013 16:57:44 :: org.tdg.twit.inbound.Gather: there have been 44200 posts downloaded </span>
<span id="DEBUG"> 04 May 2013 16:57:44 :: Inserting data into DB </span>
<span id="INFO"> 04 May 2013 16:57:53 :: There have been: 200 records processed </span>
<span id="DEBUG"> 04 May 2013 16:57:58 :: Inserting data into DB </span>
<span id="INFO"> 04 May 2013 16:57:59 :: org.tdg.twit.inbound.Gather: there have been 44400 posts downloaded </span>
<span id="INFO"> 04 May 2013 16:58:01 :: There have been: 200 records processed </span>
<span id="INFO"> 04 May 2013 16:58:12 :: org.tdg.twit.inbound.Gather: there have been 44600 posts downloaded </span>
<span id="DEBUG"> 04 May 2013 16:58:12 :: Inserting data into DB </span>
<span id="INFO"> 04 May 2013 16:58:21 :: There have been: 200 records processed </span>
<span id="INFO"> 04 May 2013 16:58:29 :: org.tdg.twit.inbound.Gather: there have been 44800 posts downloaded </span>
<span id="DEBUG"> 04 May 2013 16:58:29 :: Inserting data into DB </span>
<span id="INFO"> 04 May 2013 16:58:31 :: There have been: 200 records processed </span>
<span id="DEBUG"> 04 May 2013 16:58:47 :: Inserting data into DB </span>
<span id="INFO"> 04 May 2013 16:58:48 :: org.tdg.twit.inbound.Gather: there have been 45000 posts downloaded </span>
<span id="INFO"> 04 May 2013 16:58:50 :: There have been: 200 records processed </span>
<span id="INFO"> 04 May 2013 16:59:00 :: org.tdg.twit.inbound.Gather: there have been 45200 posts downloaded </span>
<span id="DEBUG"> 04 May 2013 16:59:00 :: Inserting data into DB </span>
<span id="INFO"> 04 May 2013 16:59:06 :: There have been: 200 records processed </span>
<span id="INFO"> 04 May 2013 16:59:15 :: org.tdg.twit.inbound.Gather: there have been 45400 posts downloaded </span>
<span id="DEBUG"> 04 May 2013 16:59:15 :: Inserting data into DB </span>
<span id="INFO"> 04 May 2013 16:59:23 :: There have been: 200 records processed </span>
<span id="DEBUG"> 04 May 2013 16:59:32 :: Inserting data into DB </span>
<span id="INFO"> 04 May 2013 16:59:33 :: org.tdg.twit.inbound.Gather: there have been 45600 posts downloaded </span>
<span id="INFO"> 04 May 2013 16:59:43 :: There have been: 200 records processed </span>
<span id="INFO"> 04 May 2013 16:59:46 :: org.tdg.twit.inbound.Gather: there have been 45800 posts downloaded </span>
<span id="DEBUG"> 04 May 2013 16:59:46 :: Inserting data into DB </span>
<span id="INFO"> 04 May 2013 16:59:52 :: There have been: 200 records processed </span>
<span id="INFO"> 04 May 2013 17:00:02 :: org.tdg.twit.inbound.Gather: there have been 46000 posts downloaded </span>
<span id="DEBUG"> 04 May 2013 17:00:02 :: Inserting data into DB </span>
<span id="INFO"> 04 May 2013 17:00:06 :: There have been: 200 records processed </span>
<span id="DEBUG"> 04 May 2013 17:00:17 :: Inserting data into DB </span>
<span id="INFO"> 04 May 2013 17:00:18 :: org.tdg.twit.inbound.Gather: there have been 46200 posts downloaded </span>
<span id="INFO"> 04 May 2013 17:00:30 :: There have been: 200 records processed </span>
<span id="INFO"> 04 May 2013 17:00:31 :: org.tdg.twit.inbound.Gather: there have been 46400 posts downloaded </span>
<span id="DEBUG"> 04 May 2013 17:00:31 :: Inserting data into DB </span>
<span id="INFO"> 04 May 2013 17:00:40 :: There have been: 200 records processed </span>
<span id="INFO"> 04 May 2013 17:00:43 :: org.tdg.twit.inbound.Gather: there have been 46600 posts downloaded </span>
<span id="DEBUG"> 04 May 2013 17:00:43 :: Inserting data into DB </span>
<span id="INFO"> 04 May 2013 17:00:53 :: There have been: 200 records processed </span>
<span id="DEBUG"> 04 May 2013 17:01:03 :: Inserting data into DB </span>
<span id="INFO"> 04 May 2013 17:01:07 :: org.tdg.twit.inbound.Gather: there have been 46800 posts downloaded </span>
<span id="INFO"> 04 May 2013 17:01:17 :: There have been: 200 records processed </span>
<span id="INFO"> 04 May 2013 17:01:25 :: org.tdg.twit.inbound.Gather: there have been 47000 posts downloaded </span>
<span id="DEBUG"> 04 May 2013 17:01:25 :: Inserting data into DB </span>
<span id="INFO"> 04 May 2013 17:01:40 :: There have been: 200 records processed </span>
<span id="INFO"> 04 May 2013 17:01:56 :: org.tdg.twit.inbound.Gather: there have been 47200 posts downloaded </span>
<span id="DEBUG"> 04 May 2013 17:01:56 :: Inserting data into DB </span>
<span id="INFO"> 04 May 2013 17:02:08 :: There have been: 200 records processed </span>
<span id="DEBUG"> 04 May 2013 17:03:07 :: Inserting data into DB </span>
<span id="INFO"> 04 May 2013 17:03:07 :: org.tdg.twit.inbound.Gather: there have been 47400 posts downloaded </span>
<span id="INFO"> 04 May 2013 17:03:19 :: There have been: 200 records processed </span>
<span id="INFO"> 04 May 2013 17:03:55 :: org.tdg.twit.inbound.Gather: there have been 47600 posts downloaded </span>
<span id="DEBUG"> 04 May 2013 17:03:55 :: Inserting data into DB </span>
<span id="INFO"> 04 May 2013 17:04:11 :: There have been: 200 records processed </span>
<span id="INFO"> 04 May 2013 17:06:44 :: org.tdg.twit.inbound.Gather: there have been 47800 posts downloaded </span>
<span id="DEBUG"> 04 May 2013 17:06:44 :: Inserting data into DB </span>
<span id="INFO"> 04 May 2013 17:07:14 :: There have been: 200 records processed </span>
<span id="DEBUG"> 04 May 2013 17:11:16 :: Inserting data into DB </span>
<span id="INFO"> 04 May 2013 17:11:16 :: org.tdg.twit.inbound.Gather: there have been 48000 posts downloaded </span>
<span id="INFO"> 04 May 2013 17:11:23 :: There have been: 200 records processed </span>
<span id="INFO"> 04 May 2013 17:13:45 :: org.tdg.twit.inbound.Gather: there have been 48000 posts downloaded </span>
<span id="INFO"> 04 May 2013 17:24:56 :: org.tdg.twit.inbound.Gather: there have been 48200 posts downloaded </span>
<span id="DEBUG"> 04 May 2013 17:24:56 :: Inserting data into DB </span>
<span id="INFO"> 04 May 2013 17:25:13 :: There have been: 200 records processed </span>
<span id="INFO"> 04 May 2013 17:43:18 :: org.tdg.twit.inbound.Gather: there have been 48200 posts downloaded </span>
<span id="INFO"> 04 May 2013 17:46:46 :: org.tdg.twit.inbound.Gather: there have been 48400 posts downloaded </span>
<span id="DEBUG"> 04 May 2013 17:46:46 :: Inserting data into DB </span>
<span id="INFO"> 04 May 2013 17:47:04 :: There have been: 200 records processed </span>
<span id="INFO"> 04 May 2013 18:10:33 :: org.tdg.twit.inbound.Gather: there have been 48600 posts downloaded </span>
<span id="DEBUG"> 04 May 2013 18:10:33 :: Inserting data into DB </span>
<span id="INFO"> 04 May 2013 18:10:51 :: There have been: 200 records processed </span>
<span id="INFO"> 04 May 2013 18:17:04 :: org.tdg.twit.inbound.Gather: there have been 48600 posts downloaded </span>
<span id="INFO"> 04 May 2013 18:37:40 :: org.tdg.twit.inbound.Gather: there have been 48800 posts downloaded </span>
<span id="DEBUG"> 04 May 2013 18:37:40 :: Inserting data into DB </span>
<span id="INFO"> 04 May 2013 18:38:02 :: There have been: 200 records processed </span>
<span id="INFO"> 04 May 2013 19:01:23 :: org.tdg.twit.inbound.Gather: there have been 48800 posts downloaded </span>
<span id="INFO"> 04 May 2013 19:06:53 :: org.tdg.twit.inbound.Gather: there have been 49000 posts downloaded </span>
<span id="DEBUG"> 04 May 2013 19:06:53 :: Inserting data into DB </span>
<span id="INFO"> 04 May 2013 19:07:12 :: There have been: 200 records processed </span>
<span id="INFO"> 04 May 2013 19:37:11 :: org.tdg.twit.inbound.Gather: there have been 49200 posts downloaded </span>
<span id="DEBUG"> 04 May 2013 19:37:11 :: Inserting data into DB </span>
<span id="INFO"> 04 May 2013 19:37:29 :: There have been: 200 records processed </span>
<span id="INFO"> 04 May 2013 19:48:26 :: org.tdg.twit.inbound.Gather: there have been 49200 posts downloaded </span>
<span id="INFO"> 04 May 2013 20:08:19 :: org.tdg.twit.inbound.Gather: there have been 49400 posts downloaded </span>
<span id="DEBUG"> 04 May 2013 20:08:19 :: Inserting data into DB </span>
<span id="INFO"> 04 May 2013 20:08:57 :: There have been: 200 records processed </span>
<span id="INFO"> 04 May 2013 20:36:47 :: org.tdg.twit.inbound.Gather: there have been 49400 posts downloaded </span>
<span id="INFO"> 04 May 2013 20:40:42 :: org.tdg.twit.inbound.Gather: there have been 49600 posts downloaded </span>
<span id="DEBUG"> 04 May 2013 20:40:42 :: Inserting data into DB </span>
<span id="INFO"> 04 May 2013 20:41:18 :: There have been: 200 records processed </span>
<span id="INFO"> 04 May 2013 21:13:10 :: org.tdg.twit.inbound.Gather: there have been 49800 posts downloaded </span>
<span id="DEBUG"> 04 May 2013 21:13:10 :: Inserting data into DB </span>
<span id="INFO"> 04 May 2013 21:13:49 :: There have been: 200 records processed </span>
<span id="INFO"> 04 May 2013 21:26:38 :: org.tdg.twit.inbound.Gather: there have been 49800 posts downloaded </span>
<span id="INFO"> 04 May 2013 21:45:51 :: org.tdg.twit.inbound.Gather: there have been 50000 posts downloaded </span>
<span id="DEBUG"> 04 May 2013 21:45:51 :: Inserting data into DB </span>
<span id="INFO"> 04 May 2013 21:46:15 :: There have been: 200 records processed </span>
<span id="INFO"> 04 May 2013 22:17:49 :: org.tdg.twit.inbound.Gather: there have been 50000 posts downloaded </span>
<span id="INFO"> 04 May 2013 22:19:26 :: org.tdg.twit.inbound.Gather: there have been 50200 posts downloaded </span>
<span id="DEBUG"> 04 May 2013 22:19:26 :: Inserting data into DB </span>
<span id="INFO"> 04 May 2013 22:19:48 :: There have been: 200 records processed </span>
<span id="INFO"> 04 May 2013 22:52:36 :: org.tdg.twit.inbound.Gather: there have been 50400 posts downloaded </span>
<span id="DEBUG"> 04 May 2013 22:52:36 :: Inserting data into DB </span>
<span id="INFO"> 04 May 2013 22:53:16 :: There have been: 200 records processed </span>
<span id="INFO"> 04 May 2013 23:09:21 :: org.tdg.twit.inbound.Gather: there have been 50400 posts downloaded </span>
<span id="INFO"> 04 May 2013 23:27:10 :: org.tdg.twit.inbound.Gather: there have been 50600 posts downloaded </span>
<span id="DEBUG"> 04 May 2013 23:27:10 :: Inserting data into DB </span>
<span id="INFO"> 04 May 2013 23:27:29 :: There have been: 200 records processed </span>
<span id="INFO"> 05 May 2013 00:01:17 :: org.tdg.twit.inbound.Gather: there have been 50800 posts downloaded </span>
<span id="DEBUG"> 05 May 2013 00:01:17 :: Inserting data into DB </span>
<span id="INFO"> 05 May 2013 00:01:36 :: There have been: 200 records processed </span>
<span id="INFO"> 05 May 2013 00:02:00 :: org.tdg.twit.inbound.Gather: there have been 50800 posts downloaded </span>
<span id="INFO"> 05 May 2013 00:35:46 :: org.tdg.twit.inbound.Gather: there have been 51000 posts downloaded </span>
<span id="DEBUG"> 05 May 2013 00:35:46 :: Inserting data into DB </span>
<span id="INFO"> 05 May 2013 00:36:14 :: There have been: 200 records processed </span>
<span id="INFO"> 05 May 2013 00:55:51 :: org.tdg.twit.inbound.Gather: there have been 51000 posts downloaded </span>
<span id="INFO"> 05 May 2013 01:10:03 :: org.tdg.twit.inbound.Gather: there have been 51200 posts downloaded </span>
<span id="DEBUG"> 05 May 2013 01:10:03 :: Inserting data into DB </span>
<span id="INFO"> 05 May 2013 01:10:27 :: There have been: 200 records processed </span>
<span id="INFO"> 05 May 2013 01:44:22 :: org.tdg.twit.inbound.Gather: there have been 51400 posts downloaded </span>
<span id="DEBUG"> 05 May 2013 01:44:22 :: Inserting data into DB </span>
<span id="INFO"> 05 May 2013 01:44:46 :: There have been: 200 records processed </span>
<span id="INFO"> 05 May 2013 01:48:14 :: org.tdg.twit.inbound.Gather: there have been 51400 posts downloaded </span>
<span id="INFO"> 05 May 2013 02:18:41 :: org.tdg.twit.inbound.Gather: there have been 51600 posts downloaded </span>
<span id="DEBUG"> 05 May 2013 02:18:41 :: Inserting data into DB </span>
<span id="INFO"> 05 May 2013 02:19:05 :: There have been: 200 records processed </span>
<span id="INFO"> 05 May 2013 02:42:06 :: org.tdg.twit.inbound.Gather: there have been 51600 posts downloaded </span>
<span id="INFO"> 05 May 2013 02:53:29 :: org.tdg.twit.inbound.Gather: there have been 51800 posts downloaded </span>
<span id="DEBUG"> 05 May 2013 02:53:29 :: Inserting data into DB </span>
<span id="INFO"> 05 May 2013 02:54:07 :: There have been: 200 records processed </span>
<span id="INFO"> 05 May 2013 03:28:20 :: org.tdg.twit.inbound.Gather: there have been 52000 posts downloaded </span>
<span id="DEBUG"> 05 May 2013 03:28:20 :: Inserting data into DB </span>
<span id="INFO"> 05 May 2013 03:28:44 :: There have been: 200 records processed </span>
<span id="INFO"> 05 May 2013 03:36:00 :: org.tdg.twit.inbound.Gather: there have been 52000 posts downloaded </span>
<span id="INFO"> 05 May 2013 04:03:29 :: org.tdg.twit.inbound.Gather: there have been 52200 posts downloaded </span>
<span id="DEBUG"> 05 May 2013 04:03:29 :: Inserting data into DB </span>
<span id="INFO"> 05 May 2013 04:03:51 :: There have been: 200 records processed </span>
<span id="INFO"> 05 May 2013 04:29:01 :: org.tdg.twit.inbound.Gather: there have been 52200 posts downloaded </span>
<span id="INFO"> 05 May 2013 04:38:24 :: org.tdg.twit.inbound.Gather: there have been 52400 posts downloaded </span>
<span id="DEBUG"> 05 May 2013 04:38:24 :: Inserting data into DB </span>
<span id="INFO"> 05 May 2013 04:39:02 :: There have been: 200 records processed </span>
<span id="INFO"> 05 May 2013 05:13:33 :: org.tdg.twit.inbound.Gather: there have been 52600 posts downloaded </span>
<span id="DEBUG"> 05 May 2013 05:13:33 :: Inserting data into DB </span>
<span id="INFO"> 05 May 2013 05:14:10 :: There have been: 200 records processed </span>
<span id="INFO"> 05 May 2013 05:22:57 :: org.tdg.twit.inbound.Gather: there have been 52600 posts downloaded </span>
<span id="INFO"> 05 May 2013 05:49:23 :: org.tdg.twit.inbound.Gather: there have been 52800 posts downloaded </span>
<span id="DEBUG"> 05 May 2013 05:49:23 :: Inserting data into DB </span>
<span id="INFO"> 05 May 2013 05:49:49 :: There have been: 200 records processed </span>
<span id="INFO"> 05 May 2013 06:17:41 :: org.tdg.twit.inbound.Gather: there have been 52800 posts downloaded </span>
<span id="INFO"> 05 May 2013 06:25:25 :: org.tdg.twit.inbound.Gather: there have been 53000 posts downloaded </span>
<span id="DEBUG"> 05 May 2013 06:25:25 :: Inserting data into DB </span>
<span id="INFO"> 05 May 2013 06:26:07 :: There have been: 200 records processed </span>
<span id="INFO"> 05 May 2013 07:01:16 :: org.tdg.twit.inbound.Gather: there have been 53200 posts downloaded </span>
<span id="DEBUG"> 05 May 2013 07:01:16 :: Inserting data into DB </span>
<span id="INFO"> 05 May 2013 07:01:58 :: There have been: 200 records processed </span>
<span id="INFO"> 05 May 2013 07:12:00 :: org.tdg.twit.inbound.Gather: there have been 53200 posts downloaded </span>
<span id="INFO"> 05 May 2013 07:37:05 :: org.tdg.twit.inbound.Gather: there have been 53400 posts downloaded </span>
<span id="DEBUG"> 05 May 2013 07:37:05 :: Inserting data into DB </span>
<span id="INFO"> 05 May 2013 07:37:27 :: There have been: 200 records processed </span>
<span id="INFO"> 05 May 2013 08:07:00 :: org.tdg.twit.inbound.Gather: there have been 53400 posts downloaded </span>
<span id="INFO"> 05 May 2013 08:12:51 :: org.tdg.twit.inbound.Gather: there have been 53600 posts downloaded </span>
<span id="DEBUG"> 05 May 2013 08:12:51 :: Inserting data into DB </span>
<span id="INFO"> 05 May 2013 08:13:13 :: There have been: 200 records processed </span>
<span id="INFO"> 05 May 2013 08:50:04 :: org.tdg.twit.inbound.Gather: there have been 53800 posts downloaded </span>
<span id="DEBUG"> 05 May 2013 08:50:04 :: Inserting data into DB </span>
<span id="INFO"> 05 May 2013 08:50:48 :: There have been: 200 records processed </span>
<span id="INFO"> 05 May 2013 09:03:20 :: org.tdg.twit.inbound.Gather: there have been 53800 posts downloaded </span>
<span id="INFO"> 05 May 2013 09:27:38 :: org.tdg.twit.inbound.Gather: there have been 54000 posts downloaded </span>
<span id="DEBUG"> 05 May 2013 09:27:38 :: Inserting data into DB </span>
<span id="INFO"> 05 May 2013 09:28:04 :: There have been: 200 records processed </span>
<span id="INFO"> 05 May 2013 09:59:40 :: org.tdg.twit.inbound.Gather: there have been 54000 posts downloaded </span>
<span id="INFO"> 05 May 2013 10:04:28 :: org.tdg.twit.inbound.Gather: there have been 54200 posts downloaded </span>
<span id="DEBUG"> 05 May 2013 10:04:28 :: Inserting data into DB </span>
<span id="INFO"> 05 May 2013 10:04:50 :: There have been: 200 records processed </span>
<span id="INFO"> 05 May 2013 10:41:08 :: org.tdg.twit.inbound.Gather: there have been 54400 posts downloaded </span>
<span id="DEBUG"> 05 May 2013 10:41:09 :: Inserting data into DB </span>
<span id="INFO"> 05 May 2013 10:41:47 :: There have been: 200 records processed </span>
<span id="INFO"> 05 May 2013 10:56:32 :: org.tdg.twit.inbound.Gather: there have been 54400 posts downloaded </span>
<span id="INFO"> 05 May 2013 11:18:19 :: org.tdg.twit.inbound.Gather: there have been 54600 posts downloaded </span>
<span id="DEBUG"> 05 May 2013 11:18:20 :: Inserting data into DB </span>
<span id="INFO"> 05 May 2013 11:18:36 :: There have been: 200 records processed </span>
<span id="INFO"> 05 May 2013 11:53:21 :: org.tdg.twit.inbound.Gather: there have been 54600 posts downloaded </span>
<span id="INFO"> 05 May 2013 11:55:12 :: org.tdg.twit.inbound.Gather: there have been 54800 posts downloaded </span>
<span id="DEBUG"> 05 May 2013 11:55:12 :: Inserting data into DB </span>
<span id="INFO"> 05 May 2013 11:55:39 :: There have been: 200 records processed </span>
<span id="INFO"> 05 May 2013 16:55:54 :: Starting app </span>
<span id="DEBUG"> 05 May 2013 16:55:54 :: Submitted Gather to thread pool </span>
<span id="DEBUG"> 05 May 2013 16:55:54 :: Starting Gather Data Thread </span>
<span id="DEBUG"> 05 May 2013 16:55:54 :: Submitted ManageProcess to thread pool </span>
<span id="DEBUG"> 05 May 2013 16:55:54 :: Start counting records to be processed </span>
<span id="DEBUG"> 05 May 2013 16:55:54 :: Started processing for fp-growth </span>
<span id="INFO"> 05 May 2013 16:55:54 :: org.tdg.twit.inbound.Gather: Downloading Statuses from twitter. </span>
<span id="ERROR"> 05 May 2013 16:56:05 :: org.tdg.twit.inbound.Gather: Server redirected too many  times (20) </span>
<span id="INFO"> 05 May 2013 16:56:16 :: 	 Percentage of usable posts: 1.0 </span>
<span id="INFO"> 05 May 2013 16:56:16 :: org.tdg.twit.main.FpClassifier: Statistics </span>
