08 Apr 2013 13:42:16 :: [pool-3-thread-5] - org.tdg.twit.db.ProcessPosts SQL error - Data truncation: Data too long for column 'keywords' at row 465
08 Apr 2013 13:44:29 :: [pool-1-thread-2] - org.tdg.twit.db.ManageProcess Communications link failure due to underlying exception: 

** BEGIN NESTED EXCEPTION ** 

java.net.SocketException
MESSAGE: Socket closed

STACKTRACE:

java.net.SocketException: Socket closed
	at java.net.SocketInputStream.socketRead0(Native Method)
	at java.net.SocketInputStream.read(SocketInputStream.java:150)
	at java.net.SocketInputStream.read(SocketInputStream.java:121)
	at com.mysql.jdbc.util.ReadAheadInputStream.fill(ReadAheadInputStream.java:113)
	at com.mysql.jdbc.util.ReadAheadInputStream.readFromUnderlyingStreamIfNecessary(ReadAheadInputStream.java:160)
	at com.mysql.jdbc.util.ReadAheadInputStream.read(ReadAheadInputStream.java:188)
	at com.mysql.jdbc.MysqlIO.readFully(MysqlIO.java:1994)
	at com.mysql.jdbc.MysqlIO.reuseAndReadPacket(MysqlIO.java:2411)
	at com.mysql.jdbc.MysqlIO.checkErrorPacket(MysqlIO.java:2916)
	at com.mysql.jdbc.MysqlIO.sendCommand(MysqlIO.java:1631)
	at com.mysql.jdbc.MysqlIO.sqlQueryDirect(MysqlIO.java:1723)
	at com.mysql.jdbc.Connection.execSQL(Connection.java:3283)
	at com.mysql.jdbc.PreparedStatement.executeInternal(PreparedStatement.java:1332)
	at com.mysql.jdbc.PreparedStatement.execute(PreparedStatement.java:882)
	at org.tdg.twit.db.ManageProcess.run(ManageProcess.java:76)
	at java.util.concurrent.Executors$RunnableAdapter.call(Executors.java:471)
	at java.util.concurrent.FutureTask$Sync.innerRun(FutureTask.java:334)
	at java.util.concurrent.FutureTask.run(FutureTask.java:166)
	at java.util.concurrent.ThreadPoolExecutor.runWorker(ThreadPoolExecutor.java:1145)
	at java.util.concurrent.ThreadPoolExecutor$Worker.run(ThreadPoolExecutor.java:615)
	at java.lang.Thread.run(Thread.java:722)


** END NESTED EXCEPTION **



Last packet sent to the server was 3 ms ago.
08 Apr 2013 13:44:29 :: [pool-1-thread-2] - org.tdg.twit.db.ManageProcess: No operations allowed after connection closed.
08 Apr 2013 13:44:30 :: [pool-1-thread-1] - org.tdg.twit.inbound.Gather: Operation not allowed after ResultSet closed
