08 Apr 2013 12:56:32 :: 	 Percentage of usable posts: 0.0
08 Apr 2013 12:56:32 :: org.tdg.twit.main.FpClassifier: Statistics
08 Apr 2013 12:56:32 :: 	 Percentage of usable posts: 0.0
08 Apr 2013 12:56:32 :: org.tdg.twit.main.FpClassifier: Statistics
08 Apr 2013 12:56:32 :: 	 Percentage of usable posts: 0.0
08 Apr 2013 12:56:32 :: org.tdg.twit.main.FpClassifier: Statistics
08 Apr 2013 12:56:32 :: 	 Percentage of usable posts: 0.0
08 Apr 2013 12:56:32 :: org.tdg.twit.main.FpClassifier: Statistics
08 Apr 2013 12:56:32 :: 	 Percentage of usable posts: 0.0
08 Apr 2013 12:56:32 :: org.tdg.twit.main.FpClassifier: Statistics
08 Apr 2013 12:56:32 :: 	 Percentage of usable posts: 0.0
08 Apr 2013 12:56:32 :: org.tdg.twit.main.FpClassifier: Statistics
08 Apr 2013 12:56:32 :: 	 Percentage of usable posts: 0.0
08 Apr 2013 12:56:32 :: org.tdg.twit.main.FpClassifier: Statistics
08 Apr 2013 12:56:33 :: 	 Percentage of usable posts: 0.0
08 Apr 2013 12:56:33 :: org.tdg.twit.main.FpClassifier: Statistics
08 Apr 2013 12:56:33 :: 	 Percentage of usable posts: 0.0
08 Apr 2013 12:56:33 :: org.tdg.twit.main.FpClassifier: Statistics
08 Apr 2013 12:56:33 :: 	 Percentage of usable posts: 0.0
08 Apr 2013 12:56:33 :: org.tdg.twit.main.FpClassifier: Statistics
08 Apr 2013 12:56:33 :: 	 Percentage of usable posts: 0.0
08 Apr 2013 12:56:33 :: org.tdg.twit.main.FpClassifier: Statistics
08 Apr 2013 12:56:33 :: 	 Percentage of usable posts: 0.0
08 Apr 2013 12:56:33 :: org.tdg.twit.main.FpClassifier: Statistics
08 Apr 2013 12:56:33 :: 	 Percentage of usable posts: 0.0
08 Apr 2013 12:56:33 :: org.tdg.twit.main.FpClassifier: Statistics
08 Apr 2013 12:56:33 :: 	 Percentage of usable posts: 0.0
08 Apr 2013 12:56:33 :: org.tdg.twit.main.FpClassifier: Statistics
08 Apr 2013 12:56:33 :: 	 Percentage of usable posts: 0.0
08 Apr 2013 12:56:33 :: org.tdg.twit.main.FpClassifier: Statistics
08 Apr 2013 12:56:33 :: 	 Percentage of usable posts: 0.0
08 Apr 2013 12:56:33 :: org.tdg.twit.main.FpClassifier: Statistics
08 Apr 2013 12:56:33 :: 	 Percentage of usable posts: 0.0
08 Apr 2013 12:56:33 :: org.tdg.twit.main.FpClassifier: Statistics
08 Apr 2013 12:56:33 :: 	 Percentage of usable posts: 0.0
08 Apr 2013 12:56:33 :: org.tdg.twit.main.FpClassifier: Statistics
08 Apr 2013 12:56:33 :: 	 Percentage of usable posts: 0.0
08 Apr 2013 12:56:33 :: org.tdg.twit.main.FpClassifier: Statistics
08 Apr 2013 12:56:33 :: 	 Percentage of usable posts: 0.0
08 Apr 2013 12:56:33 :: org.tdg.twit.main.FpClassifier: Statistics
08 Apr 2013 12:56:33 :: 	 Percentage of usable posts: 0.0
08 Apr 2013 12:56:33 :: org.tdg.twit.main.FpClassifier: Statistics
08 Apr 2013 12:56:33 :: 	 Percentage of usable posts: 0.0
08 Apr 2013 12:56:33 :: org.tdg.twit.main.FpClassifier: Statistics
08 Apr 2013 12:56:33 :: 	 Percentage of usable posts: 0.0
08 Apr 2013 12:56:33 :: org.tdg.twit.main.FpClassifier: Statistics
08 Apr 2013 12:56:33 :: 	 Percentage of usable posts: 0.0
08 Apr 2013 12:56:33 :: org.tdg.twit.main.FpClassifier: Statistics
08 Apr 2013 12:56:33 :: 	 Percentage of usable posts: 0.0
08 Apr 2013 12:56:33 :: org.tdg.twit.main.FpClassifier: Statistics
08 Apr 2013 12:56:33 :: 	 Percentage of usable posts: 0.0
08 Apr 2013 12:56:33 :: org.tdg.twit.main.FpClassifier: Statistics
08 Apr 2013 12:56:33 :: 	 Percentage of usable posts: 0.0
08 Apr 2013 12:56:33 :: org.tdg.twit.main.FpClassifier: Statistics
08 Apr 2013 12:56:33 :: 	 Percentage of usable posts: 0.0
08 Apr 2013 12:56:33 :: org.tdg.twit.main.FpClassifier: Statistics
08 Apr 2013 12:56:33 :: 	 Percentage of usable posts: 0.0
08 Apr 2013 12:56:33 :: org.tdg.twit.main.FpClassifier: Statistics
08 Apr 2013 12:56:33 :: 	 Percentage of usable posts: 0.0
08 Apr 2013 12:56:33 :: org.tdg.twit.main.FpClassifier: Statistics
08 Apr 2013 12:56:33 :: 	 Percentage of usable posts: 0.0
08 Apr 2013 12:56:33 :: org.tdg.twit.main.FpClassifier: Statistics
08 Apr 2013 12:56:33 :: 	 Percentage of usable posts: 0.0
08 Apr 2013 12:56:33 :: org.tdg.twit.main.FpClassifier: Statistics
08 Apr 2013 12:56:33 :: 	 Percentage of usable posts: 0.0
08 Apr 2013 12:56:33 :: org.tdg.twit.main.FpClassifier: Statistics
08 Apr 2013 12:56:33 :: 	 Percentage of usable posts: 0.0
08 Apr 2013 12:56:33 :: org.tdg.twit.main.FpClassifier: Statistics
08 Apr 2013 12:56:33 :: 	 Percentage of usable posts: 0.0
08 Apr 2013 12:56:33 :: org.tdg.twit.main.FpClassifier: Statistics
08 Apr 2013 12:56:33 :: 	 Percentage of usable posts: 0.0
08 Apr 2013 12:56:33 :: org.tdg.twit.main.FpClassifier: Statistics
08 Apr 2013 12:56:33 :: 	 Percentage of usable posts: 0.0
08 Apr 2013 12:56:33 :: org.tdg.twit.main.FpClassifier: Statistics
08 Apr 2013 12:56:33 :: 	 Percentage of usable posts: 0.0
08 Apr 2013 12:56:33 :: org.tdg.twit.main.FpClassifier: Statistics
08 Apr 2013 12:56:33 :: 	 Percentage of usable posts: 0.0
08 Apr 2013 12:56:33 :: org.tdg.twit.main.FpClassifier: Statistics
08 Apr 2013 12:56:33 :: 	 Percentage of usable posts: 0.0
08 Apr 2013 12:56:33 :: org.tdg.twit.main.FpClassifier: Statistics
08 Apr 2013 12:56:33 :: 	 Percentage of usable posts: 0.0
08 Apr 2013 12:56:33 :: org.tdg.twit.main.FpClassifier: Statistics
08 Apr 2013 12:56:33 :: 	 Percentage of usable posts: 0.0
08 Apr 2013 12:56:33 :: org.tdg.twit.main.FpClassifier: Statistics
08 Apr 2013 12:56:33 :: 	 Percentage of usable posts: 0.0
08 Apr 2013 12:56:33 :: org.tdg.twit.main.FpClassifier: Statistics
08 Apr 2013 12:56:33 :: 	 Percentage of usable posts: 0.0
08 Apr 2013 12:56:33 :: org.tdg.twit.main.FpClassifier: Statistics
08 Apr 2013 12:56:33 :: 	 Percentage of usable posts: 0.0
08 Apr 2013 12:56:33 :: org.tdg.twit.main.FpClassifier: Statistics
08 Apr 2013 12:56:33 :: 	 Percentage of usable posts: 0.0
08 Apr 2013 12:56:33 :: org.tdg.twit.main.FpClassifier: Statistics
08 Apr 2013 12:56:33 :: 	 Percentage of usable posts: 0.0
08 Apr 2013 12:56:33 :: org.tdg.twit.main.FpClassifier: Statistics
08 Apr 2013 12:56:33 :: 	 Percentage of usable posts: 0.0
08 Apr 2013 12:56:33 :: org.tdg.twit.main.FpClassifier: Statistics
08 Apr 2013 12:56:33 :: 	 Percentage of usable posts: 0.0
08 Apr 2013 12:56:33 :: org.tdg.twit.main.FpClassifier: Statistics
08 Apr 2013 12:56:33 :: 	 Percentage of usable posts: 0.0
08 Apr 2013 12:56:33 :: org.tdg.twit.main.FpClassifier: Statistics
08 Apr 2013 12:56:33 :: 	 Percentage of usable posts: 0.0
08 Apr 2013 12:56:33 :: org.tdg.twit.main.FpClassifier: Statistics
08 Apr 2013 12:56:33 :: 	 Percentage of usable posts: 0.0
08 Apr 2013 12:56:33 :: org.tdg.twit.main.FpClassifier: Statistics
08 Apr 2013 12:56:33 :: 	 Percentage of usable posts: 0.0
08 Apr 2013 12:56:33 :: org.tdg.twit.main.FpClassifier: Statistics
08 Apr 2013 12:56:33 :: 	 Percentage of usable posts: 0.0
08 Apr 2013 12:56:33 :: org.tdg.twit.main.FpClassifier: Statistics
08 Apr 2013 12:56:33 :: 	 Percentage of usable posts: 0.0
08 Apr 2013 12:56:33 :: org.tdg.twit.main.FpClassifier: Statistics
08 Apr 2013 12:56:33 :: 	 Percentage of usable posts: 0.0
08 Apr 2013 12:56:33 :: org.tdg.twit.main.FpClassifier: Statistics
08 Apr 2013 12:56:33 :: 	 Percentage of usable posts: 0.0
08 Apr 2013 12:56:33 :: org.tdg.twit.main.FpClassifier: Statistics
08 Apr 2013 12:56:33 :: 	 Percentage of usable posts: 0.0
08 Apr 2013 12:56:33 :: org.tdg.twit.main.FpClassifier: Statistics
08 Apr 2013 12:56:33 :: 	 Percentage of usable posts: 0.0
08 Apr 2013 12:56:33 :: org.tdg.twit.main.FpClassifier: Statistics
08 Apr 2013 12:56:33 :: 	 Percentage of usable posts: 0.0
08 Apr 2013 12:56:33 :: org.tdg.twit.main.FpClassifier: Statistics
08 Apr 2013 12:56:33 :: 	 Percentage of usable posts: 0.0
08 Apr 2013 12:56:33 :: org.tdg.twit.main.FpClassifier: Statistics
08 Apr 2013 12:56:33 :: 	 Percentage of usable posts: 0.0
08 Apr 2013 12:56:33 :: org.tdg.twit.main.FpClassifier: Statistics
08 Apr 2013 12:56:33 :: 	 Percentage of usable posts: 0.0
08 Apr 2013 12:56:33 :: org.tdg.twit.main.FpClassifier: Statistics
08 Apr 2013 12:56:33 :: 	 Percentage of usable posts: 0.0
08 Apr 2013 12:56:33 :: org.tdg.twit.main.FpClassifier: Statistics
08 Apr 2013 12:56:33 :: 	 Percentage of usable posts: 0.0
08 Apr 2013 12:56:33 :: org.tdg.twit.main.FpClassifier: Statistics
08 Apr 2013 12:56:33 :: 	 Percentage of usable posts: 0.0
08 Apr 2013 12:56:33 :: org.tdg.twit.main.FpClassifier: Statistics
08 Apr 2013 12:56:33 :: 	 Percentage of usable posts: 0.0
08 Apr 2013 12:56:33 :: org.tdg.twit.main.FpClassifier: Statistics
08 Apr 2013 12:56:33 :: 	 Percentage of usable posts: 0.0
08 Apr 2013 12:56:33 :: org.tdg.twit.main.FpClassifier: Statistics
08 Apr 2013 12:56:33 :: 	 Percentage of usable posts: 0.0
08 Apr 2013 12:56:33 :: org.tdg.twit.main.FpClassifier: Statistics
08 Apr 2013 12:56:33 :: 	 Percentage of usable posts: 0.0
08 Apr 2013 12:56:33 :: org.tdg.twit.main.FpClassifier: Statistics
08 Apr 2013 12:56:34 :: 	 Percentage of usable posts: 0.0
08 Apr 2013 12:56:34 :: org.tdg.twit.main.FpClassifier: Statistics
08 Apr 2013 12:56:34 :: 	 Percentage of usable posts: 0.0
08 Apr 2013 12:56:34 :: org.tdg.twit.main.FpClassifier: Statistics
08 Apr 2013 12:56:34 :: 	 Percentage of usable posts: 0.0
08 Apr 2013 12:56:34 :: org.tdg.twit.main.FpClassifier: Statistics
08 Apr 2013 12:56:34 :: 	 Percentage of usable posts: 0.0
08 Apr 2013 12:56:34 :: org.tdg.twit.main.FpClassifier: Statistics
08 Apr 2013 12:56:34 :: 	 Percentage of usable posts: 0.0
08 Apr 2013 12:56:34 :: org.tdg.twit.main.FpClassifier: Statistics
08 Apr 2013 12:56:34 :: 	 Percentage of usable posts: 0.0
08 Apr 2013 12:56:34 :: org.tdg.twit.main.FpClassifier: Statistics
08 Apr 2013 12:56:34 :: 	 Percentage of usable posts: 0.0
08 Apr 2013 12:56:34 :: org.tdg.twit.main.FpClassifier: Statistics
08 Apr 2013 12:56:34 :: 	 Percentage of usable posts: 0.0
08 Apr 2013 12:56:34 :: org.tdg.twit.main.FpClassifier: Statistics
08 Apr 2013 12:56:34 :: 	 Percentage of usable posts: 0.0
08 Apr 2013 12:56:34 :: org.tdg.twit.main.FpClassifier: Statistics
08 Apr 2013 12:56:34 :: 	 Percentage of usable posts: 0.0
08 Apr 2013 12:56:34 :: org.tdg.twit.main.FpClassifier: Statistics
08 Apr 2013 12:56:34 :: 	 Percentage of usable posts: 0.0
08 Apr 2013 12:56:34 :: org.tdg.twit.main.FpClassifier: Statistics
08 Apr 2013 12:56:34 :: 	 Percentage of usable posts: 0.0
08 Apr 2013 12:56:34 :: org.tdg.twit.main.FpClassifier: Statistics
08 Apr 2013 12:56:34 :: 	 Percentage of usable posts: 0.0
08 Apr 2013 12:56:34 :: org.tdg.twit.main.FpClassifier: Statistics
08 Apr 2013 12:56:34 :: 	 Percentage of usable posts: 0.0
08 Apr 2013 12:56:34 :: org.tdg.twit.main.FpClassifier: Statistics
08 Apr 2013 12:56:34 :: 	 Percentage of usable posts: 0.0
08 Apr 2013 12:56:34 :: org.tdg.twit.main.FpClassifier: Statistics
08 Apr 2013 12:56:34 :: 	 Percentage of usable posts: 0.0
08 Apr 2013 12:56:34 :: org.tdg.twit.main.FpClassifier: Statistics
08 Apr 2013 12:56:34 :: 	 Percentage of usable posts: 0.0
08 Apr 2013 12:56:34 :: org.tdg.twit.main.FpClassifier: Statistics
08 Apr 2013 12:56:34 :: 	 Percentage of usable posts: 0.0
08 Apr 2013 12:56:34 :: org.tdg.twit.main.FpClassifier: Statistics
08 Apr 2013 12:56:34 :: 	 Percentage of usable posts: 0.0
08 Apr 2013 12:56:34 :: org.tdg.twit.main.FpClassifier: Statistics
08 Apr 2013 12:56:34 :: 	 Percentage of usable posts: 0.0
08 Apr 2013 12:56:34 :: org.tdg.twit.main.FpClassifier: Statistics
08 Apr 2013 12:56:34 :: 	 Percentage of usable posts: 0.0
08 Apr 2013 12:56:34 :: org.tdg.twit.main.FpClassifier: Statistics
08 Apr 2013 12:56:34 :: 	 Percentage of usable posts: 0.0
08 Apr 2013 12:56:34 :: org.tdg.twit.main.FpClassifier: Statistics
08 Apr 2013 12:56:34 :: 	 Percentage of usable posts: 0.0
08 Apr 2013 12:56:34 :: org.tdg.twit.main.FpClassifier: Statistics
08 Apr 2013 12:56:34 :: 	 Percentage of usable posts: 0.0
08 Apr 2013 12:56:34 :: org.tdg.twit.main.FpClassifier: Statistics
08 Apr 2013 12:56:34 :: 	 Percentage of usable posts: 0.0
08 Apr 2013 12:56:34 :: org.tdg.twit.main.FpClassifier: Statistics
08 Apr 2013 12:56:35 :: 	 Percentage of usable posts: 0.0
08 Apr 2013 12:56:35 :: org.tdg.twit.main.FpClassifier: Statistics
08 Apr 2013 12:56:36 :: 	 Percentage of usable posts: 0.0
08 Apr 2013 12:56:36 :: org.tdg.twit.main.FpClassifier: Statistics
08 Apr 2013 12:56:39 :: 	 Percentage of usable posts: 0.0
08 Apr 2013 12:56:39 :: org.tdg.twit.main.FpClassifier: Statistics
08 Apr 2013 12:56:39 :: 	 Percentage of usable posts: 0.0
08 Apr 2013 12:56:39 :: org.tdg.twit.main.FpClassifier: Statistics
08 Apr 2013 12:56:39 :: 	 Percentage of usable posts: 0.0
08 Apr 2013 12:56:39 :: org.tdg.twit.main.FpClassifier: Statistics
08 Apr 2013 12:56:39 :: 	 Percentage of usable posts: 0.0
08 Apr 2013 12:56:39 :: org.tdg.twit.main.FpClassifier: Statistics
08 Apr 2013 12:56:39 :: 	 Percentage of usable posts: 0.0
08 Apr 2013 12:56:39 :: org.tdg.twit.main.FpClassifier: Statistics
08 Apr 2013 12:56:40 :: 	 Percentage of usable posts: 0.0
08 Apr 2013 12:56:40 :: org.tdg.twit.main.FpClassifier: Statistics
08 Apr 2013 12:56:41 :: 	 Percentage of usable posts: 0.0
08 Apr 2013 12:56:41 :: org.tdg.twit.main.FpClassifier: Statistics
08 Apr 2013 13:10:34 :: Starting app
08 Apr 2013 13:10:34 :: org.tdg.twit.inbound.Gather: Downloading Statuses from twitter.
08 Apr 2013 13:11:58 :: Starting app
08 Apr 2013 13:11:58 :: org.tdg.twit.inbound.Gather: Downloading Statuses from twitter.
08 Apr 2013 13:12:01 :: org.tdg.twit.inbound.Gather: there have been 0 posts downloaded
08 Apr 2013 13:12:01 :: org.tdg.twit.inbound.Gather: there have been 0 posts downloaded
08 Apr 2013 13:12:01 :: org.tdg.twit.inbound.Gather: there have been 0 posts downloaded
08 Apr 2013 13:12:01 :: org.tdg.twit.inbound.Gather: there have been 0 posts downloaded
08 Apr 2013 13:12:01 :: org.tdg.twit.inbound.Gather: there have been 0 posts downloaded
08 Apr 2013 13:12:01 :: org.tdg.twit.inbound.Gather: there have been 0 posts downloaded
08 Apr 2013 13:12:01 :: org.tdg.twit.inbound.Gather: there have been 0 posts downloaded
08 Apr 2013 13:12:01 :: org.tdg.twit.inbound.Gather: there have been 0 posts downloaded
08 Apr 2013 13:12:01 :: org.tdg.twit.inbound.Gather: there have been 0 posts downloaded
08 Apr 2013 13:12:01 :: org.tdg.twit.inbound.Gather: there have been 0 posts downloaded
08 Apr 2013 13:12:01 :: org.tdg.twit.inbound.Gather: there have been 0 posts downloaded
08 Apr 2013 13:12:01 :: org.tdg.twit.inbound.Gather: there have been 0 posts downloaded
08 Apr 2013 13:12:01 :: org.tdg.twit.inbound.Gather: there have been 0 posts downloaded
08 Apr 2013 13:12:01 :: org.tdg.twit.inbound.Gather: there have been 0 posts downloaded
08 Apr 2013 13:12:01 :: org.tdg.twit.inbound.Gather: there have been 0 posts downloaded
08 Apr 2013 13:12:01 :: org.tdg.twit.inbound.Gather: there have been 0 posts downloaded
08 Apr 2013 13:12:01 :: org.tdg.twit.inbound.Gather: there have been 0 posts downloaded
08 Apr 2013 13:12:02 :: org.tdg.twit.inbound.Gather: there have been 0 posts downloaded
08 Apr 2013 13:12:02 :: org.tdg.twit.inbound.Gather: there have been 0 posts downloaded
08 Apr 2013 13:12:02 :: org.tdg.twit.inbound.Gather: there have been 0 posts downloaded
08 Apr 2013 13:12:02 :: org.tdg.twit.inbound.Gather: there have been 0 posts downloaded
08 Apr 2013 13:12:02 :: org.tdg.twit.inbound.Gather: there have been 0 posts downloaded
08 Apr 2013 13:12:02 :: org.tdg.twit.inbound.Gather: there have been 0 posts downloaded
08 Apr 2013 13:12:02 :: org.tdg.twit.inbound.Gather: there have been 0 posts downloaded
08 Apr 2013 13:12:02 :: org.tdg.twit.inbound.Gather: there have been 0 posts downloaded
08 Apr 2013 13:12:02 :: org.tdg.twit.inbound.Gather: there have been 0 posts downloaded
08 Apr 2013 13:12:02 :: org.tdg.twit.inbound.Gather: there have been 0 posts downloaded
08 Apr 2013 13:12:02 :: org.tdg.twit.inbound.Gather: there have been 0 posts downloaded
08 Apr 2013 13:12:02 :: org.tdg.twit.inbound.Gather: there have been 0 posts downloaded
08 Apr 2013 13:12:02 :: org.tdg.twit.inbound.Gather: there have been 0 posts downloaded
08 Apr 2013 13:12:02 :: org.tdg.twit.inbound.Gather: there have been 0 posts downloaded
08 Apr 2013 13:12:02 :: org.tdg.twit.inbound.Gather: there have been 0 posts downloaded
08 Apr 2013 13:12:02 :: org.tdg.twit.inbound.Gather: there have been 0 posts downloaded
08 Apr 2013 13:12:03 :: org.tdg.twit.inbound.Gather: there have been 0 posts downloaded
08 Apr 2013 13:12:03 :: org.tdg.twit.inbound.Gather: there have been 0 posts downloaded
08 Apr 2013 13:12:03 :: org.tdg.twit.inbound.Gather: there have been 0 posts downloaded
08 Apr 2013 13:12:03 :: org.tdg.twit.inbound.Gather: there have been 0 posts downloaded
08 Apr 2013 13:12:03 :: org.tdg.twit.inbound.Gather: there have been 0 posts downloaded
08 Apr 2013 13:12:03 :: org.tdg.twit.inbound.Gather: there have been 0 posts downloaded
08 Apr 2013 13:12:03 :: org.tdg.twit.inbound.Gather: there have been 0 posts downloaded
08 Apr 2013 13:12:03 :: org.tdg.twit.inbound.Gather: there have been 0 posts downloaded
08 Apr 2013 13:12:03 :: org.tdg.twit.inbound.Gather: there have been 0 posts downloaded
08 Apr 2013 13:12:03 :: org.tdg.twit.inbound.Gather: there have been 0 posts downloaded
08 Apr 2013 13:12:03 :: org.tdg.twit.inbound.Gather: there have been 0 posts downloaded
08 Apr 2013 13:12:03 :: org.tdg.twit.inbound.Gather: there have been 0 posts downloaded
08 Apr 2013 13:12:03 :: org.tdg.twit.inbound.Gather: there have been 0 posts downloaded
08 Apr 2013 13:12:03 :: org.tdg.twit.inbound.Gather: there have been 0 posts downloaded
08 Apr 2013 13:12:03 :: org.tdg.twit.inbound.Gather: there have been 0 posts downloaded
08 Apr 2013 13:12:03 :: org.tdg.twit.inbound.Gather: there have been 0 posts downloaded
08 Apr 2013 13:12:03 :: org.tdg.twit.inbound.Gather: there have been 0 posts downloaded
08 Apr 2013 13:12:04 :: org.tdg.twit.inbound.Gather: there have been 0 posts downloaded
08 Apr 2013 13:12:04 :: org.tdg.twit.inbound.Gather: there have been 0 posts downloaded
08 Apr 2013 13:12:04 :: org.tdg.twit.inbound.Gather: there have been 0 posts downloaded
08 Apr 2013 13:12:04 :: org.tdg.twit.inbound.Gather: there have been 0 posts downloaded
08 Apr 2013 13:12:04 :: org.tdg.twit.inbound.Gather: there have been 0 posts downloaded
08 Apr 2013 13:12:04 :: org.tdg.twit.inbound.Gather: there have been 0 posts downloaded
08 Apr 2013 13:12:04 :: org.tdg.twit.inbound.Gather: there have been 0 posts downloaded
08 Apr 2013 13:12:04 :: org.tdg.twit.inbound.Gather: there have been 0 posts downloaded
08 Apr 2013 13:12:04 :: org.tdg.twit.inbound.Gather: there have been 0 posts downloaded
08 Apr 2013 13:12:04 :: org.tdg.twit.inbound.Gather: there have been 0 posts downloaded
08 Apr 2013 13:12:04 :: org.tdg.twit.inbound.Gather: there have been 0 posts downloaded
08 Apr 2013 13:12:04 :: org.tdg.twit.inbound.Gather: there have been 0 posts downloaded
08 Apr 2013 13:12:04 :: org.tdg.twit.inbound.Gather: there have been 0 posts downloaded
08 Apr 2013 13:12:04 :: org.tdg.twit.inbound.Gather: there have been 0 posts downloaded
08 Apr 2013 13:12:04 :: org.tdg.twit.inbound.Gather: there have been 0 posts downloaded
08 Apr 2013 13:12:04 :: org.tdg.twit.inbound.Gather: there have been 0 posts downloaded
08 Apr 2013 13:12:04 :: org.tdg.twit.inbound.Gather: there have been 0 posts downloaded
08 Apr 2013 13:12:04 :: org.tdg.twit.inbound.Gather: there have been 0 posts downloaded
08 Apr 2013 13:12:05 :: org.tdg.twit.inbound.Gather: there have been 0 posts downloaded
08 Apr 2013 13:12:05 :: org.tdg.twit.inbound.Gather: there have been 0 posts downloaded
08 Apr 2013 13:12:05 :: org.tdg.twit.inbound.Gather: there have been 0 posts downloaded
08 Apr 2013 13:12:05 :: org.tdg.twit.inbound.Gather: there have been 0 posts downloaded
08 Apr 2013 13:12:05 :: org.tdg.twit.inbound.Gather: there have been 0 posts downloaded
08 Apr 2013 13:12:05 :: org.tdg.twit.inbound.Gather: there have been 0 posts downloaded
08 Apr 2013 13:12:05 :: org.tdg.twit.inbound.Gather: there have been 0 posts downloaded
08 Apr 2013 13:12:05 :: org.tdg.twit.inbound.Gather: there have been 0 posts downloaded
08 Apr 2013 13:12:05 :: org.tdg.twit.inbound.Gather: there have been 0 posts downloaded
08 Apr 2013 13:12:05 :: org.tdg.twit.inbound.Gather: there have been 0 posts downloaded
08 Apr 2013 13:12:05 :: org.tdg.twit.inbound.Gather: there have been 0 posts downloaded
08 Apr 2013 13:12:05 :: org.tdg.twit.inbound.Gather: there have been 0 posts downloaded
08 Apr 2013 13:12:05 :: org.tdg.twit.inbound.Gather: there have been 0 posts downloaded
08 Apr 2013 13:12:05 :: org.tdg.twit.inbound.Gather: there have been 0 posts downloaded
08 Apr 2013 13:12:06 :: org.tdg.twit.inbound.Gather: there have been 0 posts downloaded
08 Apr 2013 13:12:06 :: org.tdg.twit.inbound.Gather: there have been 0 posts downloaded
08 Apr 2013 13:12:06 :: org.tdg.twit.inbound.Gather: there have been 0 posts downloaded
08 Apr 2013 13:12:06 :: org.tdg.twit.inbound.Gather: there have been 0 posts downloaded
08 Apr 2013 13:12:06 :: org.tdg.twit.inbound.Gather: there have been 0 posts downloaded
08 Apr 2013 13:12:06 :: org.tdg.twit.inbound.Gather: there have been 0 posts downloaded
08 Apr 2013 13:12:06 :: org.tdg.twit.inbound.Gather: there have been 0 posts downloaded
08 Apr 2013 13:12:06 :: org.tdg.twit.inbound.Gather: there have been 0 posts downloaded
08 Apr 2013 13:12:06 :: org.tdg.twit.inbound.Gather: there have been 0 posts downloaded
08 Apr 2013 13:12:06 :: org.tdg.twit.inbound.Gather: there have been 0 posts downloaded
08 Apr 2013 13:12:06 :: org.tdg.twit.inbound.Gather: there have been 0 posts downloaded
08 Apr 2013 13:12:06 :: org.tdg.twit.inbound.Gather: there have been 0 posts downloaded
08 Apr 2013 13:12:06 :: org.tdg.twit.inbound.Gather: there have been 0 posts downloaded
08 Apr 2013 13:12:07 :: org.tdg.twit.inbound.Gather: there have been 0 posts downloaded
08 Apr 2013 13:12:07 :: org.tdg.twit.inbound.Gather: there have been 0 posts downloaded
08 Apr 2013 13:12:07 :: org.tdg.twit.inbound.Gather: there have been 0 posts downloaded
08 Apr 2013 13:12:07 :: org.tdg.twit.inbound.Gather: there have been 0 posts downloaded
08 Apr 2013 13:12:07 :: org.tdg.twit.inbound.Gather: there have been 0 posts downloaded
08 Apr 2013 13:12:07 :: org.tdg.twit.inbound.Gather: there have been 0 posts downloaded
08 Apr 2013 13:12:07 :: org.tdg.twit.inbound.Gather: there have been 0 posts downloaded
08 Apr 2013 13:12:07 :: org.tdg.twit.inbound.Gather: there have been 0 posts downloaded
08 Apr 2013 13:12:07 :: org.tdg.twit.inbound.Gather: there have been 0 posts downloaded
08 Apr 2013 13:12:07 :: org.tdg.twit.inbound.Gather: there have been 0 posts downloaded
08 Apr 2013 13:12:07 :: org.tdg.twit.inbound.Gather: there have been 0 posts downloaded
08 Apr 2013 13:12:07 :: org.tdg.twit.inbound.Gather: there have been 0 posts downloaded
08 Apr 2013 13:12:07 :: org.tdg.twit.inbound.Gather: there have been 0 posts downloaded
08 Apr 2013 13:12:07 :: org.tdg.twit.inbound.Gather: there have been 0 posts downloaded
08 Apr 2013 13:12:07 :: org.tdg.twit.inbound.Gather: there have been 0 posts downloaded
08 Apr 2013 13:12:07 :: org.tdg.twit.inbound.Gather: there have been 0 posts downloaded
08 Apr 2013 13:12:07 :: org.tdg.twit.inbound.Gather: there have been 0 posts downloaded
08 Apr 2013 13:12:07 :: org.tdg.twit.inbound.Gather: there have been 0 posts downloaded
08 Apr 2013 13:12:07 :: org.tdg.twit.inbound.Gather: there have been 0 posts downloaded
08 Apr 2013 13:12:07 :: org.tdg.twit.inbound.Gather: there have been 0 posts downloaded
08 Apr 2013 13:12:07 :: org.tdg.twit.inbound.Gather: there have been 0 posts downloaded
08 Apr 2013 13:12:07 :: org.tdg.twit.inbound.Gather: there have been 0 posts downloaded
08 Apr 2013 13:12:08 :: org.tdg.twit.inbound.Gather: there have been 0 posts downloaded
08 Apr 2013 13:12:08 :: org.tdg.twit.inbound.Gather: there have been 0 posts downloaded
08 Apr 2013 13:12:08 :: org.tdg.twit.inbound.Gather: there have been 0 posts downloaded
08 Apr 2013 13:12:08 :: org.tdg.twit.inbound.Gather: there have been 0 posts downloaded
08 Apr 2013 13:12:08 :: org.tdg.twit.inbound.Gather: there have been 0 posts downloaded
08 Apr 2013 13:12:08 :: org.tdg.twit.inbound.Gather: there have been 0 posts downloaded
08 Apr 2013 13:12:08 :: org.tdg.twit.inbound.Gather: there have been 0 posts downloaded
08 Apr 2013 13:12:08 :: org.tdg.twit.inbound.Gather: there have been 0 posts downloaded
08 Apr 2013 13:12:08 :: org.tdg.twit.inbound.Gather: there have been 0 posts downloaded
08 Apr 2013 13:12:08 :: org.tdg.twit.inbound.Gather: there have been 0 posts downloaded
08 Apr 2013 13:12:08 :: org.tdg.twit.inbound.Gather: there have been 0 posts downloaded
08 Apr 2013 13:12:08 :: org.tdg.twit.inbound.Gather: there have been 0 posts downloaded
08 Apr 2013 13:12:08 :: org.tdg.twit.inbound.Gather: there have been 0 posts downloaded
08 Apr 2013 13:12:08 :: org.tdg.twit.inbound.Gather: there have been 0 posts downloaded
08 Apr 2013 13:12:08 :: org.tdg.twit.inbound.Gather: there have been 0 posts downloaded
08 Apr 2013 13:12:09 :: org.tdg.twit.inbound.Gather: there have been 0 posts downloaded
08 Apr 2013 13:12:09 :: org.tdg.twit.inbound.Gather: there have been 0 posts downloaded
08 Apr 2013 13:12:09 :: org.tdg.twit.inbound.Gather: there have been 0 posts downloaded
08 Apr 2013 13:12:09 :: org.tdg.twit.inbound.Gather: there have been 0 posts downloaded
08 Apr 2013 13:12:09 :: org.tdg.twit.inbound.Gather: there have been 0 posts downloaded
08 Apr 2013 13:12:09 :: org.tdg.twit.inbound.Gather: there have been 0 posts downloaded
08 Apr 2013 13:12:09 :: org.tdg.twit.inbound.Gather: there have been 0 posts downloaded
08 Apr 2013 13:12:09 :: org.tdg.twit.inbound.Gather: there have been 0 posts downloaded
08 Apr 2013 13:12:09 :: org.tdg.twit.inbound.Gather: there have been 0 posts downloaded
08 Apr 2013 13:12:09 :: org.tdg.twit.inbound.Gather: there have been 0 posts downloaded
08 Apr 2013 13:12:09 :: org.tdg.twit.inbound.Gather: there have been 0 posts downloaded
08 Apr 2013 13:12:09 :: org.tdg.twit.inbound.Gather: there have been 0 posts downloaded
08 Apr 2013 13:12:09 :: org.tdg.twit.inbound.Gather: there have been 0 posts downloaded
08 Apr 2013 13:12:09 :: org.tdg.twit.inbound.Gather: there have been 0 posts downloaded
08 Apr 2013 13:12:09 :: org.tdg.twit.inbound.Gather: there have been 0 posts downloaded
08 Apr 2013 13:12:09 :: org.tdg.twit.inbound.Gather: there have been 0 posts downloaded
08 Apr 2013 13:12:09 :: org.tdg.twit.inbound.Gather: there have been 0 posts downloaded
08 Apr 2013 13:12:09 :: org.tdg.twit.inbound.Gather: there have been 0 posts downloaded
08 Apr 2013 13:12:09 :: org.tdg.twit.inbound.Gather: there have been 0 posts downloaded
08 Apr 2013 13:12:10 :: org.tdg.twit.inbound.Gather: there have been 0 posts downloaded
08 Apr 2013 13:12:10 :: org.tdg.twit.inbound.Gather: there have been 0 posts downloaded
08 Apr 2013 13:12:10 :: org.tdg.twit.inbound.Gather: there have been 0 posts downloaded
08 Apr 2013 13:12:10 :: org.tdg.twit.inbound.Gather: there have been 0 posts downloaded
08 Apr 2013 13:12:10 :: org.tdg.twit.inbound.Gather: there have been 0 posts downloaded
08 Apr 2013 13:12:10 :: org.tdg.twit.inbound.Gather: there have been 0 posts downloaded
08 Apr 2013 13:12:10 :: org.tdg.twit.inbound.Gather: there have been 0 posts downloaded
08 Apr 2013 13:12:10 :: org.tdg.twit.inbound.Gather: there have been 0 posts downloaded
08 Apr 2013 13:12:10 :: org.tdg.twit.inbound.Gather: there have been 0 posts downloaded
08 Apr 2013 13:12:10 :: org.tdg.twit.inbound.Gather: there have been 0 posts downloaded
08 Apr 2013 13:12:10 :: org.tdg.twit.inbound.Gather: there have been 0 posts downloaded
08 Apr 2013 13:12:10 :: org.tdg.twit.inbound.Gather: there have been 0 posts downloaded
08 Apr 2013 13:12:10 :: org.tdg.twit.inbound.Gather: there have been 0 posts downloaded
08 Apr 2013 13:12:11 :: org.tdg.twit.inbound.Gather: there have been 0 posts downloaded
08 Apr 2013 13:12:11 :: org.tdg.twit.inbound.Gather: there have been 0 posts downloaded
08 Apr 2013 13:12:11 :: org.tdg.twit.inbound.Gather: there have been 0 posts downloaded
08 Apr 2013 13:12:11 :: org.tdg.twit.inbound.Gather: there have been 0 posts downloaded
08 Apr 2013 13:12:11 :: org.tdg.twit.inbound.Gather: there have been 0 posts downloaded
08 Apr 2013 13:12:11 :: org.tdg.twit.inbound.Gather: there have been 0 posts downloaded
08 Apr 2013 13:12:11 :: org.tdg.twit.inbound.Gather: there have been 0 posts downloaded
08 Apr 2013 13:12:11 :: org.tdg.twit.inbound.Gather: there have been 0 posts downloaded
08 Apr 2013 13:12:11 :: org.tdg.twit.inbound.Gather: there have been 0 posts downloaded
08 Apr 2013 13:12:11 :: org.tdg.twit.inbound.Gather: there have been 0 posts downloaded
08 Apr 2013 13:12:11 :: org.tdg.twit.inbound.Gather: there have been 0 posts downloaded
08 Apr 2013 13:12:11 :: org.tdg.twit.inbound.Gather: there have been 0 posts downloaded
08 Apr 2013 13:12:11 :: org.tdg.twit.inbound.Gather: there have been 0 posts downloaded
08 Apr 2013 13:12:12 :: org.tdg.twit.inbound.Gather: there have been 0 posts downloaded
08 Apr 2013 13:12:12 :: org.tdg.twit.inbound.Gather: there have been 0 posts downloaded
08 Apr 2013 13:12:12 :: org.tdg.twit.inbound.Gather: there have been 0 posts downloaded
08 Apr 2013 13:12:12 :: org.tdg.twit.inbound.Gather: there have been 0 posts downloaded
08 Apr 2013 13:12:12 :: org.tdg.twit.inbound.Gather: there have been 0 posts downloaded
08 Apr 2013 13:12:12 :: org.tdg.twit.inbound.Gather: there have been 0 posts downloaded
08 Apr 2013 13:12:12 :: org.tdg.twit.inbound.Gather: there have been 0 posts downloaded
08 Apr 2013 13:12:12 :: org.tdg.twit.inbound.Gather: there have been 0 posts downloaded
08 Apr 2013 13:12:12 :: org.tdg.twit.inbound.Gather: there have been 0 posts downloaded
08 Apr 2013 13:12:12 :: org.tdg.twit.inbound.Gather: there have been 0 posts downloaded
08 Apr 2013 13:12:12 :: org.tdg.twit.inbound.Gather: there have been 0 posts downloaded
08 Apr 2013 13:12:12 :: org.tdg.twit.inbound.Gather: there have been 0 posts downloaded
08 Apr 2013 13:12:12 :: org.tdg.twit.inbound.Gather: there have been 0 posts downloaded
08 Apr 2013 13:12:13 :: org.tdg.twit.inbound.Gather: there have been 0 posts downloaded
08 Apr 2013 13:12:13 :: org.tdg.twit.inbound.Gather: there have been 0 posts downloaded
08 Apr 2013 13:12:13 :: org.tdg.twit.inbound.Gather: there have been 0 posts downloaded
08 Apr 2013 13:12:13 :: org.tdg.twit.inbound.Gather: there have been 0 posts downloaded
08 Apr 2013 13:12:13 :: org.tdg.twit.inbound.Gather: there have been 0 posts downloaded
08 Apr 2013 13:12:13 :: org.tdg.twit.inbound.Gather: there have been 0 posts downloaded
08 Apr 2013 13:12:13 :: org.tdg.twit.inbound.Gather: there have been 0 posts downloaded
08 Apr 2013 13:12:13 :: org.tdg.twit.inbound.Gather: there have been 0 posts downloaded
08 Apr 2013 13:12:13 :: org.tdg.twit.inbound.Gather: there have been 0 posts downloaded
08 Apr 2013 13:12:13 :: org.tdg.twit.inbound.Gather: there have been 0 posts downloaded
08 Apr 2013 13:12:13 :: org.tdg.twit.inbound.Gather: there have been 0 posts downloaded
08 Apr 2013 13:12:13 :: org.tdg.twit.inbound.Gather: there have been 0 posts downloaded
08 Apr 2013 13:12:13 :: org.tdg.twit.inbound.Gather: there have been 0 posts downloaded
08 Apr 2013 13:12:13 :: org.tdg.twit.inbound.Gather: there have been 0 posts downloaded
08 Apr 2013 13:12:13 :: org.tdg.twit.inbound.Gather: there have been 0 posts downloaded
08 Apr 2013 13:12:13 :: org.tdg.twit.inbound.Gather: there have been 0 posts downloaded
08 Apr 2013 13:12:13 :: org.tdg.twit.inbound.Gather: there have been 0 posts downloaded
08 Apr 2013 13:12:14 :: org.tdg.twit.inbound.Gather: there have been 0 posts downloaded
08 Apr 2013 13:12:14 :: org.tdg.twit.inbound.Gather: there have been 0 posts downloaded
08 Apr 2013 13:12:14 :: org.tdg.twit.inbound.Gather: there have been 0 posts downloaded
08 Apr 2013 13:12:14 :: org.tdg.twit.inbound.Gather: there have been 0 posts downloaded
08 Apr 2013 13:12:14 :: org.tdg.twit.inbound.Gather: there have been 0 posts downloaded
08 Apr 2013 13:12:14 :: org.tdg.twit.inbound.Gather: there have been 0 posts downloaded
08 Apr 2013 13:12:14 :: org.tdg.twit.inbound.Gather: there have been 0 posts downloaded
08 Apr 2013 13:12:14 :: org.tdg.twit.inbound.Gather: there have been 0 posts downloaded
08 Apr 2013 13:12:14 :: org.tdg.twit.inbound.Gather: there have been 0 posts downloaded
08 Apr 2013 13:12:14 :: org.tdg.twit.inbound.Gather: there have been 0 posts downloaded
08 Apr 2013 13:12:14 :: org.tdg.twit.inbound.Gather: there have been 0 posts downloaded
08 Apr 2013 13:12:14 :: org.tdg.twit.inbound.Gather: there have been 0 posts downloaded
08 Apr 2013 13:12:14 :: org.tdg.twit.inbound.Gather: there have been 0 posts downloaded
08 Apr 2013 13:12:14 :: org.tdg.twit.inbound.Gather: there have been 0 posts downloaded
08 Apr 2013 13:12:14 :: org.tdg.twit.inbound.Gather: there have been 0 posts downloaded
08 Apr 2013 13:12:14 :: org.tdg.twit.inbound.Gather: there have been 0 posts downloaded
08 Apr 2013 13:12:14 :: org.tdg.twit.inbound.Gather: there have been 0 posts downloaded
08 Apr 2013 13:12:14 :: org.tdg.twit.inbound.Gather: there have been 0 posts downloaded
08 Apr 2013 13:12:15 :: org.tdg.twit.inbound.Gather: there have been 0 posts downloaded
08 Apr 2013 13:12:15 :: org.tdg.twit.inbound.Gather: there have been 0 posts downloaded
08 Apr 2013 13:12:15 :: org.tdg.twit.inbound.Gather: there have been 0 posts downloaded
08 Apr 2013 13:12:15 :: org.tdg.twit.inbound.Gather: there have been 0 posts downloaded
08 Apr 2013 13:12:15 :: org.tdg.twit.inbound.Gather: there have been 0 posts downloaded
08 Apr 2013 13:12:15 :: org.tdg.twit.inbound.Gather: there have been 0 posts downloaded
08 Apr 2013 13:12:15 :: org.tdg.twit.inbound.Gather: there have been 0 posts downloaded
08 Apr 2013 13:12:15 :: org.tdg.twit.inbound.Gather: there have been 0 posts downloaded
08 Apr 2013 13:12:15 :: org.tdg.twit.inbound.Gather: there have been 0 posts downloaded
08 Apr 2013 13:12:15 :: org.tdg.twit.inbound.Gather: there have been 0 posts downloaded
08 Apr 2013 13:12:15 :: org.tdg.twit.inbound.Gather: there have been 0 posts downloaded
08 Apr 2013 13:12:15 :: org.tdg.twit.inbound.Gather: there have been 0 posts downloaded
08 Apr 2013 13:12:15 :: org.tdg.twit.inbound.Gather: there have been 0 posts downloaded
08 Apr 2013 13:12:15 :: org.tdg.twit.inbound.Gather: there have been 0 posts downloaded
08 Apr 2013 13:12:15 :: org.tdg.twit.inbound.Gather: there have been 0 posts downloaded
08 Apr 2013 13:12:16 :: org.tdg.twit.inbound.Gather: there have been 0 posts downloaded
08 Apr 2013 13:12:16 :: org.tdg.twit.inbound.Gather: there have been 0 posts downloaded
08 Apr 2013 13:12:16 :: org.tdg.twit.inbound.Gather: there have been 0 posts downloaded
08 Apr 2013 13:12:16 :: org.tdg.twit.inbound.Gather: there have been 0 posts downloaded
08 Apr 2013 13:12:16 :: org.tdg.twit.inbound.Gather: there have been 0 posts downloaded
08 Apr 2013 13:12:16 :: org.tdg.twit.inbound.Gather: there have been 0 posts downloaded
08 Apr 2013 13:12:16 :: org.tdg.twit.inbound.Gather: there have been 0 posts downloaded
08 Apr 2013 13:12:16 :: org.tdg.twit.inbound.Gather: there have been 0 posts downloaded
08 Apr 2013 13:12:17 :: org.tdg.twit.inbound.Gather: there have been 0 posts downloaded
08 Apr 2013 13:12:17 :: org.tdg.twit.inbound.Gather: there have been 0 posts downloaded
08 Apr 2013 13:12:17 :: org.tdg.twit.inbound.Gather: there have been 0 posts downloaded
08 Apr 2013 13:12:17 :: org.tdg.twit.inbound.Gather: there have been 0 posts downloaded
08 Apr 2013 13:12:17 :: org.tdg.twit.inbound.Gather: there have been 0 posts downloaded
08 Apr 2013 13:12:17 :: org.tdg.twit.inbound.Gather: there have been 0 posts downloaded
08 Apr 2013 13:12:17 :: org.tdg.twit.inbound.Gather: there have been 0 posts downloaded
08 Apr 2013 13:12:17 :: org.tdg.twit.inbound.Gather: there have been 0 posts downloaded
08 Apr 2013 13:12:17 :: org.tdg.twit.inbound.Gather: there have been 0 posts downloaded
08 Apr 2013 13:12:17 :: org.tdg.twit.inbound.Gather: there have been 0 posts downloaded
08 Apr 2013 13:12:17 :: org.tdg.twit.inbound.Gather: there have been 0 posts downloaded
08 Apr 2013 13:12:17 :: org.tdg.twit.inbound.Gather: there have been 0 posts downloaded
08 Apr 2013 13:12:17 :: org.tdg.twit.inbound.Gather: there have been 0 posts downloaded
08 Apr 2013 13:12:18 :: org.tdg.twit.inbound.Gather: there have been 0 posts downloaded
08 Apr 2013 13:12:18 :: org.tdg.twit.inbound.Gather: there have been 0 posts downloaded
08 Apr 2013 13:12:18 :: org.tdg.twit.inbound.Gather: there have been 0 posts downloaded
08 Apr 2013 13:12:18 :: org.tdg.twit.inbound.Gather: there have been 0 posts downloaded
08 Apr 2013 13:12:18 :: org.tdg.twit.inbound.Gather: there have been 0 posts downloaded
08 Apr 2013 13:12:18 :: org.tdg.twit.inbound.Gather: there have been 0 posts downloaded
08 Apr 2013 13:12:18 :: org.tdg.twit.inbound.Gather: there have been 0 posts downloaded
08 Apr 2013 13:12:18 :: org.tdg.twit.inbound.Gather: there have been 0 posts downloaded
08 Apr 2013 13:12:18 :: org.tdg.twit.inbound.Gather: there have been 0 posts downloaded
08 Apr 2013 13:12:18 :: org.tdg.twit.inbound.Gather: there have been 0 posts downloaded
08 Apr 2013 13:12:18 :: org.tdg.twit.inbound.Gather: there have been 0 posts downloaded
08 Apr 2013 13:12:18 :: org.tdg.twit.inbound.Gather: there have been 0 posts downloaded
08 Apr 2013 13:12:18 :: org.tdg.twit.inbound.Gather: there have been 0 posts downloaded
08 Apr 2013 13:12:18 :: org.tdg.twit.inbound.Gather: there have been 0 posts downloaded
08 Apr 2013 13:12:18 :: org.tdg.twit.inbound.Gather: there have been 0 posts downloaded
08 Apr 2013 13:12:18 :: org.tdg.twit.inbound.Gather: there have been 0 posts downloaded
08 Apr 2013 13:12:18 :: org.tdg.twit.inbound.Gather: there have been 0 posts downloaded
08 Apr 2013 13:12:18 :: org.tdg.twit.inbound.Gather: there have been 0 posts downloaded
08 Apr 2013 13:15:34 :: Starting app
08 Apr 2013 13:15:34 :: org.tdg.twit.inbound.Gather: Downloading Statuses from twitter.
08 Apr 2013 13:15:35 :: org.tdg.twit.inbound.Gather: there have been 0 posts downloaded
08 Apr 2013 13:16:09 :: There have been: 0 records processed
08 Apr 2013 13:39:29 :: Starting app
08 Apr 2013 13:39:29 :: org.tdg.twit.inbound.Gather: Downloading Statuses from twitter.
08 Apr 2013 13:39:31 :: org.tdg.twit.inbound.Gather: there have been 0 posts downloaded
08 Apr 2013 13:40:02 :: There have been: 0 records processed
08 Apr 2013 13:40:33 :: There have been: 0 records processed
08 Apr 2013 13:41:12 :: There have been: 0 records processed
08 Apr 2013 13:41:42 :: org.tdg.twit.inbound.Gather: there have been 2000 posts downloaded
08 Apr 2013 13:41:42 :: There have been: 0 records processed
08 Apr 2013 13:42:16 :: There have been: 0 records processed
08 Apr 2013 13:42:51 :: There have been: 0 records processed
08 Apr 2013 13:43:27 :: There have been: 0 records processed
08 Apr 2013 13:44:00 :: org.tdg.twit.inbound.Gather: there have been 4000 posts downloaded
08 Apr 2013 13:44:01 :: There have been: 0 records processed
08 Apr 2013 15:49:29 :: Starting app
08 Apr 2013 15:49:29 :: org.tdg.twit.inbound.Gather: Downloading Statuses from twitter.
08 Apr 2013 15:49:30 :: org.tdg.twit.inbound.Gather: there have been 0 posts downloaded
08 Apr 2013 15:49:58 :: There have been: 0 records processed
08 Apr 2013 15:50:26 :: There have been: 0 records processed
08 Apr 2013 15:50:52 :: There have been: 0 records processed
08 Apr 2013 15:51:18 :: org.tdg.twit.inbound.Gather: there have been 2000 posts downloaded
08 Apr 2013 15:51:19 :: There have been: 0 records processed
08 Apr 2013 15:51:47 :: There have been: 0 records processed
08 Apr 2013 15:52:17 :: There have been: 0 records processed
08 Apr 2013 15:52:46 :: There have been: 0 records processed
08 Apr 2013 15:53:12 :: org.tdg.twit.inbound.Gather: there have been 4000 posts downloaded
08 Apr 2013 15:53:13 :: There have been: 0 records processed
