Connecting to database specified by database.yml
Started GET "/users/sign_out" for 192.168.1.87 at 2013-05-04 16:36:55 -0400

ActionController::RoutingError (No route matches [GET] "/users/sign_out"):
  actionpack (3.2.13) lib/action_dispatch/middleware/debug_exceptions.rb:21:in `call'
  actionpack (3.2.13) lib/action_dispatch/middleware/show_exceptions.rb:56:in `call'
  railties (3.2.13) lib/rails/rack/logger.rb:32:in `call_app'
  railties (3.2.13) lib/rails/rack/logger.rb:16:in `block in call'
  activesupport (3.2.13) lib/active_support/tagged_logging.rb:22:in `tagged'
  railties (3.2.13) lib/rails/rack/logger.rb:16:in `call'
  actionpack (3.2.13) lib/action_dispatch/middleware/request_id.rb:22:in `call'
  rack (1.4.5) lib/rack/methodoverride.rb:21:in `call'
  rack (1.4.5) lib/rack/runtime.rb:17:in `call'
  activesupport (3.2.13) lib/active_support/cache/strategy/local_cache.rb:72:in `call'
  rack (1.4.5) lib/rack/lock.rb:15:in `call'
  rack-cache (1.2) lib/rack/cache/context.rb:136:in `forward'
  rack-cache (1.2) lib/rack/cache/context.rb:245:in `fetch'
  rack-cache (1.2) lib/rack/cache/context.rb:185:in `lookup'
  rack-cache (1.2) lib/rack/cache/context.rb:66:in `call!'
  rack-cache (1.2) lib/rack/cache/context.rb:51:in `call'
  railties (3.2.13) lib/rails/engine.rb:479:in `call'
  railties (3.2.13) lib/rails/application.rb:223:in `call'
  railties (3.2.13) lib/rails/railtie/configurable.rb:30:in `method_missing'
  passenger (3.0.19) lib/phusion_passenger/rack/request_handler.rb:96:in `process_request'
  passenger (3.0.19) lib/phusion_passenger/abstract_request_handler.rb:516:in `accept_and_process_next_request'
  passenger (3.0.19) lib/phusion_passenger/abstract_request_handler.rb:274:in `main_loop'
  passenger (3.0.19) lib/phusion_passenger/rack/application_spawner.rb:206:in `start_request_handler'
  passenger (3.0.19) lib/phusion_passenger/rack/application_spawner.rb:171:in `block in handle_spawn_application'
  passenger (3.0.19) lib/phusion_passenger/utils.rb:470:in `safe_fork'
  passenger (3.0.19) lib/phusion_passenger/rack/application_spawner.rb:166:in `handle_spawn_application'
  passenger (3.0.19) lib/phusion_passenger/abstract_server.rb:357:in `server_main_loop'
  passenger (3.0.19) lib/phusion_passenger/abstract_server.rb:206:in `start_synchronously'
  passenger (3.0.19) lib/phusion_passenger/abstract_server.rb:180:in `start'
  passenger (3.0.19) lib/phusion_passenger/rack/application_spawner.rb:129:in `start'
  passenger (3.0.19) lib/phusion_passenger/spawn_manager.rb:253:in `block (2 levels) in spawn_rack_application'
  passenger (3.0.19) lib/phusion_passenger/abstract_server_collection.rb:132:in `lookup_or_add'
  passenger (3.0.19) lib/phusion_passenger/spawn_manager.rb:246:in `block in spawn_rack_application'
  passenger (3.0.19) lib/phusion_passenger/abstract_server_collection.rb:82:in `block in synchronize'
  <internal:prelude>:10:in `synchronize'
  passenger (3.0.19) lib/phusion_passenger/abstract_server_collection.rb:79:in `synchronize'
  passenger (3.0.19) lib/phusion_passenger/spawn_manager.rb:244:in `spawn_rack_application'
  passenger (3.0.19) lib/phusion_passenger/spawn_manager.rb:137:in `spawn_application'
  passenger (3.0.19) lib/phusion_passenger/spawn_manager.rb:275:in `handle_spawn_application'
  passenger (3.0.19) lib/phusion_passenger/abstract_server.rb:357:in `server_main_loop'
  passenger (3.0.19) lib/phusion_passenger/abstract_server.rb:206:in `start_synchronously'
  passenger (3.0.19) helper-scripts/passenger-spawn-server:99:in `<main>'


Started GET "/users/sign_in" for 192.168.1.87 at 2013-05-04 16:37:02 -0400
Processing by Devise::SessionsController#new as HTML
Redirected to http://tdg.x64.me/
Filter chain halted as :require_no_authentication rendered or redirected
Completed 302 Found in 142ms (ActiveRecord: 1.0ms)
Started GET "/" for 192.168.1.87 at 2013-05-04 16:37:02 -0400
Processing by HomeController#index as HTML
  Rendered home/index.html.erb within layouts/application (3.7ms)
  Rendered header/_header.html.erb (0.6ms)
  Rendered footer/_footer.html.erb (0.3ms)
Completed 200 OK in 98ms (Views: 97.8ms | ActiveRecord: 0.0ms)
Started GET "/posts" for 192.168.1.87 at 2013-05-04 16:37:04 -0400
Processing by PostsController#index as HTML
Completed 500 Internal Server Error in 5ms

CanCan::AccessDenied (You are not authorized to access this page.):
  app/controllers/posts_controller.rb:6:in `index'


Started GET "/posts/new" for 192.168.1.87 at 2013-05-04 16:37:07 -0400
Processing by PostsController#new as HTML
  Rendered posts/_form.html.erb (2.9ms)
  Rendered posts/new.html.erb within layouts/application (4.2ms)
  Rendered header/_header.html.erb (0.0ms)
  Rendered footer/_footer.html.erb (0.0ms)
Completed 200 OK in 39ms (Views: 28.3ms | ActiveRecord: 0.8ms)
Started GET "/posts" for 192.168.1.87 at 2013-05-04 16:37:09 -0400
Processing by PostsController#index as HTML
Completed 500 Internal Server Error in 2ms

CanCan::AccessDenied (You are not authorized to access this page.):
  app/controllers/posts_controller.rb:6:in `index'


Started GET "/information/about" for 192.168.1.87 at 2013-05-05 16:17:43 -0400
Processing by AboutController#index as HTML
  Rendered about/index.html.erb within layouts/application (0.5ms)
  Rendered header/_header.html.erb (0.0ms)
  Rendered footer/_footer.html.erb (0.0ms)
Completed 200 OK in 913ms (Views: 305.0ms | ActiveRecord: 599.7ms)
Started GET "/information/info" for 192.168.1.87 at 2013-05-05 16:17:45 -0400
Processing by InfoController#index as HTML
  Rendered info/index.html.erb within layouts/application (0.5ms)
  Rendered header/_header.html.erb (0.0ms)
  Rendered footer/_footer.html.erb (0.0ms)
Completed 200 OK in 182ms (Views: 6.8ms | ActiveRecord: 0.0ms)
Started GET "/information/error" for 192.168.1.87 at 2013-05-05 16:17:48 -0400
Processing by ErrorController#index as HTML
  Rendered error/index.html.erb within layouts/application (30.6ms)
  Rendered header/_header.html.erb (0.0ms)
  Rendered footer/_footer.html.erb (0.0ms)
Completed 200 OK in 62ms (Views: 61.1ms | ActiveRecord: 0.0ms)
Started GET "/information/debug" for 192.168.1.87 at 2013-05-05 16:17:49 -0400
Processing by DebugController#index as HTML
  Rendered debug/index.html.erb within layouts/application (0.4ms)
  Rendered header/_header.html.erb (0.0ms)
  Rendered footer/_footer.html.erb (0.0ms)
Completed 200 OK in 8ms (Views: 6.0ms | ActiveRecord: 0.0ms)
Started GET "/information/error" for 192.168.1.87 at 2013-05-05 16:17:55 -0400
Processing by ErrorController#index as HTML
  Rendered error/index.html.erb within layouts/application (0.0ms)
  Rendered header/_header.html.erb (0.0ms)
  Rendered footer/_footer.html.erb (0.0ms)
Completed 200 OK in 5ms (Views: 4.3ms | ActiveRecord: 0.0ms)
Started GET "/information/info" for 192.168.1.87 at 2013-05-05 16:17:55 -0400
Processing by InfoController#index as HTML
  Rendered info/index.html.erb within layouts/application (0.1ms)
  Rendered header/_header.html.erb (0.0ms)
  Rendered footer/_footer.html.erb (0.0ms)
Completed 200 OK in 170ms (Views: 4.9ms | ActiveRecord: 0.0ms)
Started GET "/information/info" for 192.168.1.87 at 2013-05-05 16:54:36 -0400
Processing by InfoController#index as HTML
  Rendered info/index.html.erb within layouts/application (0.1ms)
  Rendered header/_header.html.erb (0.0ms)
  Rendered footer/_footer.html.erb (0.0ms)
Completed 200 OK in 197ms (Views: 5.2ms | ActiveRecord: 0.0ms)
Started GET "/information/error" for 192.168.1.87 at 2013-05-05 16:54:38 -0400
Processing by ErrorController#index as HTML
  Rendered error/index.html.erb within layouts/application (0.0ms)
  Rendered header/_header.html.erb (0.0ms)
  Rendered footer/_footer.html.erb (0.0ms)
Completed 200 OK in 4ms (Views: 4.1ms | ActiveRecord: 0.0ms)
Started GET "/information/error" for 192.168.1.87 at 2013-05-05 16:54:39 -0400
Processing by ErrorController#index as HTML
  Rendered error/index.html.erb within layouts/application (0.1ms)
  Rendered header/_header.html.erb (0.1ms)
  Rendered footer/_footer.html.erb (0.0ms)
Completed 200 OK in 9ms (Views: 8.3ms | ActiveRecord: 0.0ms)
Started GET "/information/debug" for 192.168.1.87 at 2013-05-05 16:54:40 -0400
Processing by DebugController#index as HTML
  Rendered debug/index.html.erb within layouts/application (0.1ms)
  Rendered header/_header.html.erb (0.0ms)
  Rendered footer/_footer.html.erb (0.0ms)
Completed 200 OK in 5ms (Views: 4.2ms | ActiveRecord: 0.0ms)
Started GET "/information/debug" for 192.168.1.87 at 2013-05-05 16:54:41 -0400
Processing by DebugController#index as HTML
  Rendered debug/index.html.erb within layouts/application (0.1ms)
  Rendered header/_header.html.erb (0.0ms)
  Rendered footer/_footer.html.erb (0.0ms)
Completed 200 OK in 38ms (Views: 4.7ms | ActiveRecord: 0.0ms)
Started GET "/information/debug" for 192.168.1.87 at 2013-05-05 16:54:42 -0400
Processing by DebugController#index as HTML
  Rendered debug/index.html.erb within layouts/application (0.1ms)
  Rendered header/_header.html.erb (0.1ms)
  Rendered footer/_footer.html.erb (0.0ms)
Completed 200 OK in 15ms (Views: 11.9ms | ActiveRecord: 0.0ms)
Started GET "/information/debug" for 192.168.1.87 at 2013-05-05 16:54:42 -0400
Processing by DebugController#index as HTML
  Rendered debug/index.html.erb within layouts/application (0.0ms)
  Rendered header/_header.html.erb (0.0ms)
  Rendered footer/_footer.html.erb (0.0ms)
Completed 200 OK in 7ms (Views: 5.7ms | ActiveRecord: 0.0ms)
Connecting to database specified by database.yml
Started GET "/information/debug" for 192.168.1.87 at 2013-05-05 17:12:35 -0400
Processing by DebugController#index as HTML
  Rendered debug/index.html.erb within layouts/application (0.1ms)
  Rendered header/_header.html.erb (0.0ms)
  Rendered footer/_footer.html.erb (0.0ms)
Completed 200 OK in 41ms (Views: 5.2ms | ActiveRecord: 0.0ms)
Connecting to database specified by database.yml
